<?xml version="1.0" encoding="UTF-8"?>
<!-- Generated by org.testng.reporters.JUnitXMLReporter -->
<testsuite hostname="MAC019.local" name="Test" tests="3" failures="2" timestamp="12 Jul 2018 07:39:47 GMT" time="0.252" errors="0">
  <testcase name="Signup" time="0.004" classname="page.test.SignupTest"/>
  <testcase name="Login" time="0.001" classname="page.test.LoginTest">
    <failure type="java.lang.NullPointerException">
      <![CDATA[java.lang.NullPointerException
	at page.actions.LoginActions.InputUserNamePassword(LoginActions.java:13)
	at page.test.LoginTest.Login(LoginTest.java:25)
... Removed 24 stack frames]]>
    </failure>
  </testcase> <!-- Login -->
  <testcase name="Login" time="0.002" classname="page.test.LoginTest">
    <failure type="java.lang.NullPointerException">
      <![CDATA[java.lang.NullPointerException
	at page.actions.LoginActions.InputUserNamePassword(LoginActions.java:13)
	at page.test.LoginTest.Login(LoginTest.java:25)
... Removed 24 stack frames]]>
    </failure>
  </testcase> <!-- Login -->
</testsuite> <!-- Test -->
