<?xml version="1.0" encoding="UTF-8"?>
<!-- Generated by org.testng.reporters.JUnitXMLReporter -->
<testsuite hostname="lp7606.people.local" name="Test" tests="11" failures="7" timestamp="2 Jul 2018 07:21:45 GMT" time="601.196" errors="0">
  <testcase name="Login" time="24.428" classname="page.test.LoginTest"/>
  <testcase name="Search" time="3.581" classname="page.test.SearchTest"/>
  <testcase name="MaritialStatus" time="7.555" classname="page.test.SearchTest"/>
  <testcase name="Religion" time="555.126" classname="page.test.SearchTest">
    <failure type="org.openqa.selenium.remote.UnreachableBrowserException" message="Error communicating with the remote browser. It may have died.
Build info: version: &amp;apos;unknown&amp;apos;, revision: &amp;apos;31c43c8&amp;apos;, time: &amp;apos;2016-08-02 21:57:56 -0700&amp;apos;
System info: host: &amp;apos;lp7606.people.local&amp;apos;, ip: &amp;apos;10.10.1.225&amp;apos;, os.name: &amp;apos;Mac OS X&amp;apos;, os.arch: &amp;apos;x86_64&amp;apos;, os.version: &amp;apos;10.12.6&amp;apos;, java.version: &amp;apos;1.8.0_77&amp;apos;
Driver info: driver.version: AndroidDriver
Capabilities [{app=/Users/amaanm/Desktop/ShaadiAutomationScript/apk/shaadi.apk, appPackage=com.shaadi.android, deviceScreenSize=540x960, networkConnectionEnabled=true, warnings={}, databaseEnabled=false, deviceName=T00940XXR1, platform=LINUX, deviceUDID=T00940XXR1, appActivity=com.shaadi.android.ui.splash.SplashScreenActivity, desired={app=/Users/amaanm/Desktop/ShaadiAutomationScript/apk/shaadi.apk, appPackage=com.shaadi.android, appActivity=com.shaadi.android.ui.splash.SplashScreenActivity, appium-version=1.8, platformVersion=5.1, platformName=Android, deviceName=T00940XXR1}, appium-version=1.8, platformVersion=5.1, webStorageEnabled=false, locationContextEnabled=false, takesScreenshot=true, javascriptEnabled=true, deviceModel=MotoE2, platformName=Android, deviceManufacturer=motorola}]
Session ID: 60f2db52-e408-4c0a-b8ff-5239b94bee1c">
      <![CDATA[org.openqa.selenium.remote.UnreachableBrowserException: Error communicating with the remote browser. It may have died.
Build info: version: 'unknown', revision: '31c43c8', time: '2016-08-02 21:57:56 -0700'
System info: host: 'lp7606.people.local', ip: '10.10.1.225', os.name: 'Mac OS X', os.arch: 'x86_64', os.version: '10.12.6', java.version: '1.8.0_77'
Driver info: driver.version: AndroidDriver
Capabilities [{app=/Users/amaanm/Desktop/ShaadiAutomationScript/apk/shaadi.apk, appPackage=com.shaadi.android, deviceScreenSize=540x960, networkConnectionEnabled=true, warnings={}, databaseEnabled=false, deviceName=T00940XXR1, platform=LINUX, deviceUDID=T00940XXR1, appActivity=com.shaadi.android.ui.splash.SplashScreenActivity, desired={app=/Users/amaanm/Desktop/ShaadiAutomationScript/apk/shaadi.apk, appPackage=com.shaadi.android, appActivity=com.shaadi.android.ui.splash.SplashScreenActivity, appium-version=1.8, platformVersion=5.1, platformName=Android, deviceName=T00940XXR1}, appium-version=1.8, platformVersion=5.1, webStorageEnabled=false, locationContextEnabled=false, takesScreenshot=true, javascriptEnabled=true, deviceModel=MotoE2, platformName=Android, deviceManufacturer=motorola}]
Session ID: 60f2db52-e408-4c0a-b8ff-5239b94bee1c
	at org.openqa.selenium.remote.RemoteWebDriver.execute(RemoteWebDriver.java:670)
	at io.appium.java_client.DefaultGenericMobileDriver.execute(DefaultGenericMobileDriver.java:42)
	at io.appium.java_client.AppiumDriver.execute(AppiumDriver.java:1)
	at io.appium.java_client.android.AndroidDriver.execute(AndroidDriver.java:1)
	at org.openqa.selenium.remote.RemoteWebDriver.findElement(RemoteWebDriver.java:377)
	at org.openqa.selenium.remote.RemoteWebDriver.findElementById(RemoteWebDriver.java:427)
	at io.appium.java_client.DefaultGenericMobileDriver.findElementById(DefaultGenericMobileDriver.java:62)
	at io.appium.java_client.AppiumDriver.findElementById(AppiumDriver.java:1)
	at io.appium.java_client.android.AndroidDriver.findElementById(AndroidDriver.java:1)
	at org.openqa.selenium.By$ById.findElement(By.java:218)
	at org.openqa.selenium.remote.RemoteWebDriver.findElement(RemoteWebDriver.java:369)
	at io.appium.java_client.DefaultGenericMobileDriver.findElement(DefaultGenericMobileDriver.java:52)
	at io.appium.java_client.AppiumDriver.findElement(AppiumDriver.java:1)
	at io.appium.java_client.android.AndroidDriver.findElement(AndroidDriver.java:1)
	at org.openqa.selenium.support.pagefactory.DefaultElementLocator.findElement(DefaultElementLocator.java:69)
	at org.openqa.selenium.support.pagefactory.internal.LocatingElementHandler.invoke(LocatingElementHandler.java:38)
	at com.sun.proxy.$Proxy13.toString(Unknown Source)
	at java.lang.String.valueOf(String.java:2994)
	at java.lang.StringBuilder.append(StringBuilder.java:131)
	at android.shaadi.BasePageActions.click(BasePageActions.java:95)
	at page.actions.SearchActions.ClickReligionDropdown(SearchActions.java:65)
	at page.test.SearchTest.Religion(SearchTest.java:29)
Caused by: org.openqa.selenium.WebDriverException: org.apache.http.NoHttpResponseException: 192.168.192.214:4723 failed to respond
Build info: version: 'unknown', revision: '31c43c8', time: '2016-08-02 21:57:56 -0700'
System info: host: 'lp7606.people.local', ip: '10.10.1.225', os.name: 'Mac OS X', os.arch: 'x86_64', os.version: '10.12.6', java.version: '1.8.0_77'
Driver info: driver.version: AndroidDriver
	at io.appium.java_client.remote.AppiumCommandExecutor.execute(AppiumCommandExecutor.java:64)
	at org.openqa.selenium.remote.RemoteWebDriver.execute(RemoteWebDriver.java:649)
	... 45 more
Caused by: org.apache.http.NoHttpResponseException: 192.168.192.214:4723 failed to respond
	at org.apache.http.impl.conn.DefaultHttpResponseParser.parseHead(DefaultHttpResponseParser.java:143)
	at org.apache.http.impl.conn.DefaultHttpResponseParser.parseHead(DefaultHttpResponseParser.java:57)
	at org.apache.http.impl.io.AbstractMessageParser.parse(AbstractMessageParser.java:260)
	at org.apache.http.impl.DefaultBHttpClientConnection.receiveResponseHeader(DefaultBHttpClientConnection.java:161)
	at org.apache.http.impl.conn.CPoolProxy.invoke(CPoolProxy.java:138)
	at com.sun.proxy.$Proxy10.receiveResponseHeader(Unknown Source)
	at org.apache.http.protocol.HttpRequestExecutor.doReceiveResponse(HttpRequestExecutor.java:271)
	at org.apache.http.protocol.HttpRequestExecutor.execute(HttpRequestExecutor.java:123)
	at org.apache.http.impl.execchain.MainClientExec.execute(MainClientExec.java:254)
	at org.apache.http.impl.execchain.ProtocolExec.execute(ProtocolExec.java:195)
	at org.apache.http.impl.execchain.RetryExec.execute(RetryExec.java:86)
	at org.apache.http.impl.execchain.RedirectExec.execute(RedirectExec.java:108)
	at org.apache.http.impl.client.InternalHttpClient.doExecute(InternalHttpClient.java:186)
	at org.apache.http.impl.client.CloseableHttpClient.execute(CloseableHttpClient.java:72)
	at org.apache.http.impl.client.CloseableHttpClient.execute(CloseableHttpClient.java:57)
	at org.openqa.selenium.remote.internal.ApacheHttpClient.fallBackExecute(ApacheHttpClient.java:160)
	at org.openqa.selenium.remote.internal.ApacheHttpClient.execute(ApacheHttpClient.java:88)
	at org.openqa.selenium.remote.HttpCommandExecutor.execute(HttpCommandExecutor.java:142)
	at io.appium.java_client.remote.AppiumCommandExecutor.execute(AppiumCommandExecutor.java:52)
	... 46 more
... Removed 27 stack frames]]>
    </failure>
  </testcase> <!-- Religion -->
  <testcase name="MotherTongue" time="0.003" classname="page.test.SearchTest">
    <failure type="org.openqa.selenium.remote.UnreachableBrowserException" message="Error communicating with the remote browser. It may have died.
Build info: version: &amp;apos;unknown&amp;apos;, revision: &amp;apos;31c43c8&amp;apos;, time: &amp;apos;2016-08-02 21:57:56 -0700&amp;apos;
System info: host: &amp;apos;lp7606.people.local&amp;apos;, ip: &amp;apos;10.10.1.225&amp;apos;, os.name: &amp;apos;Mac OS X&amp;apos;, os.arch: &amp;apos;x86_64&amp;apos;, os.version: &amp;apos;10.12.6&amp;apos;, java.version: &amp;apos;1.8.0_77&amp;apos;
Driver info: driver.version: AppiumDriver
Capabilities [{app=/Users/amaanm/Desktop/ShaadiAutomationScript/apk/shaadi.apk, appPackage=com.shaadi.android, deviceScreenSize=540x960, networkConnectionEnabled=true, warnings={}, databaseEnabled=false, deviceName=T00940XXR1, platform=LINUX, deviceUDID=T00940XXR1, appActivity=com.shaadi.android.ui.splash.SplashScreenActivity, desired={app=/Users/amaanm/Desktop/ShaadiAutomationScript/apk/shaadi.apk, appPackage=com.shaadi.android, appActivity=com.shaadi.android.ui.splash.SplashScreenActivity, appium-version=1.8, platformVersion=5.1, platformName=Android, deviceName=T00940XXR1}, appium-version=1.8, platformVersion=5.1, webStorageEnabled=false, locationContextEnabled=false, takesScreenshot=true, javascriptEnabled=true, deviceModel=MotoE2, platformName=Android, deviceManufacturer=motorola}]
Session ID: 60f2db52-e408-4c0a-b8ff-5239b94bee1c">
      <![CDATA[org.openqa.selenium.remote.UnreachableBrowserException: Error communicating with the remote browser. It may have died.
Build info: version: 'unknown', revision: '31c43c8', time: '2016-08-02 21:57:56 -0700'
System info: host: 'lp7606.people.local', ip: '10.10.1.225', os.name: 'Mac OS X', os.arch: 'x86_64', os.version: '10.12.6', java.version: '1.8.0_77'
Driver info: driver.version: AppiumDriver
Capabilities [{app=/Users/amaanm/Desktop/ShaadiAutomationScript/apk/shaadi.apk, appPackage=com.shaadi.android, deviceScreenSize=540x960, networkConnectionEnabled=true, warnings={}, databaseEnabled=false, deviceName=T00940XXR1, platform=LINUX, deviceUDID=T00940XXR1, appActivity=com.shaadi.android.ui.splash.SplashScreenActivity, desired={app=/Users/amaanm/Desktop/ShaadiAutomationScript/apk/shaadi.apk, appPackage=com.shaadi.android, appActivity=com.shaadi.android.ui.splash.SplashScreenActivity, appium-version=1.8, platformVersion=5.1, platformName=Android, deviceName=T00940XXR1}, appium-version=1.8, platformVersion=5.1, webStorageEnabled=false, locationContextEnabled=false, takesScreenshot=true, javascriptEnabled=true, deviceModel=MotoE2, platformName=Android, deviceManufacturer=motorola}]
Session ID: 60f2db52-e408-4c0a-b8ff-5239b94bee1c
	at org.openqa.selenium.remote.RemoteWebDriver.execute(RemoteWebDriver.java:670)
	at io.appium.java_client.DefaultGenericMobileDriver.execute(DefaultGenericMobileDriver.java:42)
	at io.appium.java_client.AppiumDriver.execute(AppiumDriver.java:1)
	at io.appium.java_client.android.AndroidDriver.execute(AndroidDriver.java:1)
	at org.openqa.selenium.remote.RemoteWebDriver.findElements(RemoteWebDriver.java:402)
	at org.openqa.selenium.remote.RemoteWebDriver.findElementsById(RemoteWebDriver.java:434)
	at io.appium.java_client.DefaultGenericMobileDriver.findElementsById(DefaultGenericMobileDriver.java:57)
	at io.appium.java_client.AppiumDriver.findElementsById(AppiumDriver.java:90)
	at org.openqa.selenium.By$ById.findElements(By.java:210)
	at org.openqa.selenium.remote.RemoteWebDriver.findElements(RemoteWebDriver.java:365)
	at io.appium.java_client.DefaultGenericMobileDriver.findElements(DefaultGenericMobileDriver.java:47)
	at io.appium.java_client.AppiumDriver.findElements(AppiumDriver.java:85)
	at org.openqa.selenium.support.pagefactory.DefaultElementLocator.findElements(DefaultElementLocator.java:85)
	at org.openqa.selenium.support.pagefactory.internal.LocatingElementListHandler.invoke(LocatingElementListHandler.java:36)
	at com.sun.proxy.$Proxy14.size(Unknown Source)
	at page.actions.SearchActions.ClickHindu_MotherTongue(SearchActions.java:154)
	at page.test.SearchTest.MotherTongue(SearchTest.java:38)
Caused by: org.openqa.selenium.WebDriverException: org.apache.http.conn.HttpHostConnectException: Connect to 192.168.192.214:4723 [/192.168.192.214] failed: Connection refused
Build info: version: 'unknown', revision: '31c43c8', time: '2016-08-02 21:57:56 -0700'
System info: host: 'lp7606.people.local', ip: '10.10.1.225', os.name: 'Mac OS X', os.arch: 'x86_64', os.version: '10.12.6', java.version: '1.8.0_77'
Driver info: driver.version: AppiumDriver
	at io.appium.java_client.remote.AppiumCommandExecutor.execute(AppiumCommandExecutor.java:64)
	at org.openqa.selenium.remote.RemoteWebDriver.execute(RemoteWebDriver.java:649)
	... 40 more
Caused by: org.apache.http.conn.HttpHostConnectException: Connect to 192.168.192.214:4723 [/192.168.192.214] failed: Connection refused
	at org.apache.http.impl.conn.HttpClientConnectionOperator.connect(HttpClientConnectionOperator.java:140)
	at org.apache.http.impl.conn.PoolingHttpClientConnectionManager.connect(PoolingHttpClientConnectionManager.java:314)
	at org.apache.http.impl.execchain.MainClientExec.establishRoute(MainClientExec.java:363)
	at org.apache.http.impl.execchain.MainClientExec.execute(MainClientExec.java:219)
	at org.apache.http.impl.execchain.ProtocolExec.execute(ProtocolExec.java:195)
	at org.apache.http.impl.execchain.RetryExec.execute(RetryExec.java:86)
	at org.apache.http.impl.execchain.RedirectExec.execute(RedirectExec.java:108)
	at org.apache.http.impl.client.InternalHttpClient.doExecute(InternalHttpClient.java:186)
	at org.apache.http.impl.client.CloseableHttpClient.execute(CloseableHttpClient.java:72)
	at org.apache.http.impl.client.CloseableHttpClient.execute(CloseableHttpClient.java:57)
	at org.openqa.selenium.remote.internal.ApacheHttpClient.fallBackExecute(ApacheHttpClient.java:142)
	at org.openqa.selenium.remote.internal.ApacheHttpClient.execute(ApacheHttpClient.java:88)
	at org.openqa.selenium.remote.HttpCommandExecutor.execute(HttpCommandExecutor.java:142)
	at io.appium.java_client.remote.AppiumCommandExecutor.execute(AppiumCommandExecutor.java:52)
	... 41 more
Caused by: java.net.ConnectException: Connection refused
	at java.net.PlainSocketImpl.socketConnect(Native Method)
	at java.net.AbstractPlainSocketImpl.doConnect(AbstractPlainSocketImpl.java:350)
	at java.net.AbstractPlainSocketImpl.connectToAddress(AbstractPlainSocketImpl.java:206)
	at java.net.AbstractPlainSocketImpl.connect(AbstractPlainSocketImpl.java:188)
	at java.net.SocksSocketImpl.connect(SocksSocketImpl.java:392)
	at java.net.Socket.connect(Socket.java:589)
	at org.apache.http.conn.socket.PlainConnectionSocketFactory.connectSocket(PlainConnectionSocketFactory.java:72)
	at org.apache.http.impl.conn.HttpClientConnectionOperator.connect(HttpClientConnectionOperator.java:117)
	... 54 more
... Removed 24 stack frames]]>
    </failure>
  </testcase> <!-- MotherTongue -->
  <testcase name="Community" time="0.004" classname="page.test.SearchTest">
    <failure type="org.openqa.selenium.remote.UnreachableBrowserException" message="Error communicating with the remote browser. It may have died.
Build info: version: &amp;apos;unknown&amp;apos;, revision: &amp;apos;31c43c8&amp;apos;, time: &amp;apos;2016-08-02 21:57:56 -0700&amp;apos;
System info: host: &amp;apos;lp7606.people.local&amp;apos;, ip: &amp;apos;10.10.1.225&amp;apos;, os.name: &amp;apos;Mac OS X&amp;apos;, os.arch: &amp;apos;x86_64&amp;apos;, os.version: &amp;apos;10.12.6&amp;apos;, java.version: &amp;apos;1.8.0_77&amp;apos;
Driver info: driver.version: AppiumDriver
Capabilities [{app=/Users/amaanm/Desktop/ShaadiAutomationScript/apk/shaadi.apk, appPackage=com.shaadi.android, deviceScreenSize=540x960, networkConnectionEnabled=true, warnings={}, databaseEnabled=false, deviceName=T00940XXR1, platform=LINUX, deviceUDID=T00940XXR1, appActivity=com.shaadi.android.ui.splash.SplashScreenActivity, desired={app=/Users/amaanm/Desktop/ShaadiAutomationScript/apk/shaadi.apk, appPackage=com.shaadi.android, appActivity=com.shaadi.android.ui.splash.SplashScreenActivity, appium-version=1.8, platformVersion=5.1, platformName=Android, deviceName=T00940XXR1}, appium-version=1.8, platformVersion=5.1, webStorageEnabled=false, locationContextEnabled=false, takesScreenshot=true, javascriptEnabled=true, deviceModel=MotoE2, platformName=Android, deviceManufacturer=motorola}]
Session ID: 60f2db52-e408-4c0a-b8ff-5239b94bee1c">
      <![CDATA[org.openqa.selenium.remote.UnreachableBrowserException: Error communicating with the remote browser. It may have died.
Build info: version: 'unknown', revision: '31c43c8', time: '2016-08-02 21:57:56 -0700'
System info: host: 'lp7606.people.local', ip: '10.10.1.225', os.name: 'Mac OS X', os.arch: 'x86_64', os.version: '10.12.6', java.version: '1.8.0_77'
Driver info: driver.version: AppiumDriver
Capabilities [{app=/Users/amaanm/Desktop/ShaadiAutomationScript/apk/shaadi.apk, appPackage=com.shaadi.android, deviceScreenSize=540x960, networkConnectionEnabled=true, warnings={}, databaseEnabled=false, deviceName=T00940XXR1, platform=LINUX, deviceUDID=T00940XXR1, appActivity=com.shaadi.android.ui.splash.SplashScreenActivity, desired={app=/Users/amaanm/Desktop/ShaadiAutomationScript/apk/shaadi.apk, appPackage=com.shaadi.android, appActivity=com.shaadi.android.ui.splash.SplashScreenActivity, appium-version=1.8, platformVersion=5.1, platformName=Android, deviceName=T00940XXR1}, appium-version=1.8, platformVersion=5.1, webStorageEnabled=false, locationContextEnabled=false, takesScreenshot=true, javascriptEnabled=true, deviceModel=MotoE2, platformName=Android, deviceManufacturer=motorola}]
Session ID: 60f2db52-e408-4c0a-b8ff-5239b94bee1c
	at org.openqa.selenium.remote.RemoteWebDriver.execute(RemoteWebDriver.java:670)
	at io.appium.java_client.DefaultGenericMobileDriver.execute(DefaultGenericMobileDriver.java:42)
	at io.appium.java_client.AppiumDriver.execute(AppiumDriver.java:1)
	at io.appium.java_client.android.AndroidDriver.execute(AndroidDriver.java:1)
	at org.openqa.selenium.remote.RemoteWebDriver.findElements(RemoteWebDriver.java:402)
	at org.openqa.selenium.remote.RemoteWebDriver.findElementsById(RemoteWebDriver.java:434)
	at io.appium.java_client.DefaultGenericMobileDriver.findElementsById(DefaultGenericMobileDriver.java:57)
	at io.appium.java_client.AppiumDriver.findElementsById(AppiumDriver.java:90)
	at org.openqa.selenium.By$ById.findElements(By.java:210)
	at org.openqa.selenium.remote.RemoteWebDriver.findElements(RemoteWebDriver.java:365)
	at io.appium.java_client.DefaultGenericMobileDriver.findElements(DefaultGenericMobileDriver.java:47)
	at io.appium.java_client.AppiumDriver.findElements(AppiumDriver.java:85)
	at org.openqa.selenium.support.pagefactory.DefaultElementLocator.findElements(DefaultElementLocator.java:85)
	at org.openqa.selenium.support.pagefactory.internal.LocatingElementListHandler.invoke(LocatingElementListHandler.java:36)
	at com.sun.proxy.$Proxy14.size(Unknown Source)
	at page.actions.SearchActions.ClickCommunityData(SearchActions.java:180)
	at page.test.SearchTest.Community(SearchTest.java:47)
Caused by: org.openqa.selenium.WebDriverException: org.apache.http.conn.HttpHostConnectException: Connect to 192.168.192.214:4723 [/192.168.192.214] failed: Connection refused
Build info: version: 'unknown', revision: '31c43c8', time: '2016-08-02 21:57:56 -0700'
System info: host: 'lp7606.people.local', ip: '10.10.1.225', os.name: 'Mac OS X', os.arch: 'x86_64', os.version: '10.12.6', java.version: '1.8.0_77'
Driver info: driver.version: AppiumDriver
	at io.appium.java_client.remote.AppiumCommandExecutor.execute(AppiumCommandExecutor.java:64)
	at org.openqa.selenium.remote.RemoteWebDriver.execute(RemoteWebDriver.java:649)
	... 40 more
Caused by: org.apache.http.conn.HttpHostConnectException: Connect to 192.168.192.214:4723 [/192.168.192.214] failed: Connection refused
	at org.apache.http.impl.conn.HttpClientConnectionOperator.connect(HttpClientConnectionOperator.java:140)
	at org.apache.http.impl.conn.PoolingHttpClientConnectionManager.connect(PoolingHttpClientConnectionManager.java:314)
	at org.apache.http.impl.execchain.MainClientExec.establishRoute(MainClientExec.java:363)
	at org.apache.http.impl.execchain.MainClientExec.execute(MainClientExec.java:219)
	at org.apache.http.impl.execchain.ProtocolExec.execute(ProtocolExec.java:195)
	at org.apache.http.impl.execchain.RetryExec.execute(RetryExec.java:86)
	at org.apache.http.impl.execchain.RedirectExec.execute(RedirectExec.java:108)
	at org.apache.http.impl.client.InternalHttpClient.doExecute(InternalHttpClient.java:186)
	at org.apache.http.impl.client.CloseableHttpClient.execute(CloseableHttpClient.java:72)
	at org.apache.http.impl.client.CloseableHttpClient.execute(CloseableHttpClient.java:57)
	at org.openqa.selenium.remote.internal.ApacheHttpClient.fallBackExecute(ApacheHttpClient.java:142)
	at org.openqa.selenium.remote.internal.ApacheHttpClient.execute(ApacheHttpClient.java:88)
	at org.openqa.selenium.remote.HttpCommandExecutor.execute(HttpCommandExecutor.java:142)
	at io.appium.java_client.remote.AppiumCommandExecutor.execute(AppiumCommandExecutor.java:52)
	... 41 more
Caused by: java.net.ConnectException: Connection refused
	at java.net.PlainSocketImpl.socketConnect(Native Method)
	at java.net.AbstractPlainSocketImpl.doConnect(AbstractPlainSocketImpl.java:350)
	at java.net.AbstractPlainSocketImpl.connectToAddress(AbstractPlainSocketImpl.java:206)
	at java.net.AbstractPlainSocketImpl.connect(AbstractPlainSocketImpl.java:188)
	at java.net.SocksSocketImpl.connect(SocksSocketImpl.java:392)
	at java.net.Socket.connect(Socket.java:589)
	at org.apache.http.conn.socket.PlainConnectionSocketFactory.connectSocket(PlainConnectionSocketFactory.java:72)
	at org.apache.http.impl.conn.HttpClientConnectionOperator.connect(HttpClientConnectionOperator.java:117)
	... 54 more
... Removed 24 stack frames]]>
    </failure>
  </testcase> <!-- Community -->
  <testcase name="Country" time="0.006" classname="page.test.SearchTest">
    <failure type="org.openqa.selenium.remote.UnreachableBrowserException" message="Error communicating with the remote browser. It may have died.
Build info: version: &amp;apos;unknown&amp;apos;, revision: &amp;apos;31c43c8&amp;apos;, time: &amp;apos;2016-08-02 21:57:56 -0700&amp;apos;
System info: host: &amp;apos;lp7606.people.local&amp;apos;, ip: &amp;apos;10.10.1.225&amp;apos;, os.name: &amp;apos;Mac OS X&amp;apos;, os.arch: &amp;apos;x86_64&amp;apos;, os.version: &amp;apos;10.12.6&amp;apos;, java.version: &amp;apos;1.8.0_77&amp;apos;
Driver info: driver.version: AppiumDriver
Capabilities [{app=/Users/amaanm/Desktop/ShaadiAutomationScript/apk/shaadi.apk, appPackage=com.shaadi.android, deviceScreenSize=540x960, networkConnectionEnabled=true, warnings={}, databaseEnabled=false, deviceName=T00940XXR1, platform=LINUX, deviceUDID=T00940XXR1, appActivity=com.shaadi.android.ui.splash.SplashScreenActivity, desired={app=/Users/amaanm/Desktop/ShaadiAutomationScript/apk/shaadi.apk, appPackage=com.shaadi.android, appActivity=com.shaadi.android.ui.splash.SplashScreenActivity, appium-version=1.8, platformVersion=5.1, platformName=Android, deviceName=T00940XXR1}, appium-version=1.8, platformVersion=5.1, webStorageEnabled=false, locationContextEnabled=false, takesScreenshot=true, javascriptEnabled=true, deviceModel=MotoE2, platformName=Android, deviceManufacturer=motorola}]
Session ID: 60f2db52-e408-4c0a-b8ff-5239b94bee1c">
      <![CDATA[org.openqa.selenium.remote.UnreachableBrowserException: Error communicating with the remote browser. It may have died.
Build info: version: 'unknown', revision: '31c43c8', time: '2016-08-02 21:57:56 -0700'
System info: host: 'lp7606.people.local', ip: '10.10.1.225', os.name: 'Mac OS X', os.arch: 'x86_64', os.version: '10.12.6', java.version: '1.8.0_77'
Driver info: driver.version: AppiumDriver
Capabilities [{app=/Users/amaanm/Desktop/ShaadiAutomationScript/apk/shaadi.apk, appPackage=com.shaadi.android, deviceScreenSize=540x960, networkConnectionEnabled=true, warnings={}, databaseEnabled=false, deviceName=T00940XXR1, platform=LINUX, deviceUDID=T00940XXR1, appActivity=com.shaadi.android.ui.splash.SplashScreenActivity, desired={app=/Users/amaanm/Desktop/ShaadiAutomationScript/apk/shaadi.apk, appPackage=com.shaadi.android, appActivity=com.shaadi.android.ui.splash.SplashScreenActivity, appium-version=1.8, platformVersion=5.1, platformName=Android, deviceName=T00940XXR1}, appium-version=1.8, platformVersion=5.1, webStorageEnabled=false, locationContextEnabled=false, takesScreenshot=true, javascriptEnabled=true, deviceModel=MotoE2, platformName=Android, deviceManufacturer=motorola}]
Session ID: 60f2db52-e408-4c0a-b8ff-5239b94bee1c
	at org.openqa.selenium.remote.RemoteWebDriver.execute(RemoteWebDriver.java:670)
	at io.appium.java_client.DefaultGenericMobileDriver.execute(DefaultGenericMobileDriver.java:42)
	at io.appium.java_client.AppiumDriver.execute(AppiumDriver.java:1)
	at io.appium.java_client.android.AndroidDriver.execute(AndroidDriver.java:1)
	at org.openqa.selenium.remote.RemoteWebDriver.findElements(RemoteWebDriver.java:402)
	at org.openqa.selenium.remote.RemoteWebDriver.findElementsById(RemoteWebDriver.java:434)
	at io.appium.java_client.DefaultGenericMobileDriver.findElementsById(DefaultGenericMobileDriver.java:57)
	at io.appium.java_client.AppiumDriver.findElementsById(AppiumDriver.java:90)
	at org.openqa.selenium.By$ById.findElements(By.java:210)
	at org.openqa.selenium.remote.RemoteWebDriver.findElements(RemoteWebDriver.java:365)
	at io.appium.java_client.DefaultGenericMobileDriver.findElements(DefaultGenericMobileDriver.java:47)
	at io.appium.java_client.AppiumDriver.findElements(AppiumDriver.java:85)
	at org.openqa.selenium.support.pagefactory.DefaultElementLocator.findElements(DefaultElementLocator.java:85)
	at org.openqa.selenium.support.pagefactory.internal.LocatingElementListHandler.invoke(LocatingElementListHandler.java:36)
	at com.sun.proxy.$Proxy14.size(Unknown Source)
	at page.actions.SearchActions.ClickCountryData(SearchActions.java:207)
	at page.test.SearchTest.Country(SearchTest.java:55)
Caused by: org.openqa.selenium.WebDriverException: org.apache.http.conn.HttpHostConnectException: Connect to 192.168.192.214:4723 [/192.168.192.214] failed: Connection refused
Build info: version: 'unknown', revision: '31c43c8', time: '2016-08-02 21:57:56 -0700'
System info: host: 'lp7606.people.local', ip: '10.10.1.225', os.name: 'Mac OS X', os.arch: 'x86_64', os.version: '10.12.6', java.version: '1.8.0_77'
Driver info: driver.version: AppiumDriver
	at io.appium.java_client.remote.AppiumCommandExecutor.execute(AppiumCommandExecutor.java:64)
	at org.openqa.selenium.remote.RemoteWebDriver.execute(RemoteWebDriver.java:649)
	... 40 more
Caused by: org.apache.http.conn.HttpHostConnectException: Connect to 192.168.192.214:4723 [/192.168.192.214] failed: Connection refused
	at org.apache.http.impl.conn.HttpClientConnectionOperator.connect(HttpClientConnectionOperator.java:140)
	at org.apache.http.impl.conn.PoolingHttpClientConnectionManager.connect(PoolingHttpClientConnectionManager.java:314)
	at org.apache.http.impl.execchain.MainClientExec.establishRoute(MainClientExec.java:363)
	at org.apache.http.impl.execchain.MainClientExec.execute(MainClientExec.java:219)
	at org.apache.http.impl.execchain.ProtocolExec.execute(ProtocolExec.java:195)
	at org.apache.http.impl.execchain.RetryExec.execute(RetryExec.java:86)
	at org.apache.http.impl.execchain.RedirectExec.execute(RedirectExec.java:108)
	at org.apache.http.impl.client.InternalHttpClient.doExecute(InternalHttpClient.java:186)
	at org.apache.http.impl.client.CloseableHttpClient.execute(CloseableHttpClient.java:72)
	at org.apache.http.impl.client.CloseableHttpClient.execute(CloseableHttpClient.java:57)
	at org.openqa.selenium.remote.internal.ApacheHttpClient.fallBackExecute(ApacheHttpClient.java:142)
	at org.openqa.selenium.remote.internal.ApacheHttpClient.execute(ApacheHttpClient.java:88)
	at org.openqa.selenium.remote.HttpCommandExecutor.execute(HttpCommandExecutor.java:142)
	at io.appium.java_client.remote.AppiumCommandExecutor.execute(AppiumCommandExecutor.java:52)
	... 41 more
Caused by: java.net.ConnectException: Connection refused
	at java.net.PlainSocketImpl.socketConnect(Native Method)
	at java.net.AbstractPlainSocketImpl.doConnect(AbstractPlainSocketImpl.java:350)
	at java.net.AbstractPlainSocketImpl.connectToAddress(AbstractPlainSocketImpl.java:206)
	at java.net.AbstractPlainSocketImpl.connect(AbstractPlainSocketImpl.java:188)
	at java.net.SocksSocketImpl.connect(SocksSocketImpl.java:392)
	at java.net.Socket.connect(Socket.java:589)
	at org.apache.http.conn.socket.PlainConnectionSocketFactory.connectSocket(PlainConnectionSocketFactory.java:72)
	at org.apache.http.impl.conn.HttpClientConnectionOperator.connect(HttpClientConnectionOperator.java:117)
	... 54 more
... Removed 24 stack frames]]>
    </failure>
  </testcase> <!-- Country -->
  <testcase name="Manglik" time="0.005" classname="page.test.SearchTest">
    <failure type="org.openqa.selenium.remote.UnreachableBrowserException" message="Error communicating with the remote browser. It may have died.
Build info: version: &amp;apos;unknown&amp;apos;, revision: &amp;apos;31c43c8&amp;apos;, time: &amp;apos;2016-08-02 21:57:56 -0700&amp;apos;
System info: host: &amp;apos;lp7606.people.local&amp;apos;, ip: &amp;apos;10.10.1.225&amp;apos;, os.name: &amp;apos;Mac OS X&amp;apos;, os.arch: &amp;apos;x86_64&amp;apos;, os.version: &amp;apos;10.12.6&amp;apos;, java.version: &amp;apos;1.8.0_77&amp;apos;
Driver info: driver.version: AppiumDriver
Capabilities [{app=/Users/amaanm/Desktop/ShaadiAutomationScript/apk/shaadi.apk, appPackage=com.shaadi.android, deviceScreenSize=540x960, networkConnectionEnabled=true, warnings={}, databaseEnabled=false, deviceName=T00940XXR1, platform=LINUX, deviceUDID=T00940XXR1, appActivity=com.shaadi.android.ui.splash.SplashScreenActivity, desired={app=/Users/amaanm/Desktop/ShaadiAutomationScript/apk/shaadi.apk, appPackage=com.shaadi.android, appActivity=com.shaadi.android.ui.splash.SplashScreenActivity, appium-version=1.8, platformVersion=5.1, platformName=Android, deviceName=T00940XXR1}, appium-version=1.8, platformVersion=5.1, webStorageEnabled=false, locationContextEnabled=false, takesScreenshot=true, javascriptEnabled=true, deviceModel=MotoE2, platformName=Android, deviceManufacturer=motorola}]
Session ID: 60f2db52-e408-4c0a-b8ff-5239b94bee1c">
      <![CDATA[org.openqa.selenium.remote.UnreachableBrowserException: Error communicating with the remote browser. It may have died.
Build info: version: 'unknown', revision: '31c43c8', time: '2016-08-02 21:57:56 -0700'
System info: host: 'lp7606.people.local', ip: '10.10.1.225', os.name: 'Mac OS X', os.arch: 'x86_64', os.version: '10.12.6', java.version: '1.8.0_77'
Driver info: driver.version: AppiumDriver
Capabilities [{app=/Users/amaanm/Desktop/ShaadiAutomationScript/apk/shaadi.apk, appPackage=com.shaadi.android, deviceScreenSize=540x960, networkConnectionEnabled=true, warnings={}, databaseEnabled=false, deviceName=T00940XXR1, platform=LINUX, deviceUDID=T00940XXR1, appActivity=com.shaadi.android.ui.splash.SplashScreenActivity, desired={app=/Users/amaanm/Desktop/ShaadiAutomationScript/apk/shaadi.apk, appPackage=com.shaadi.android, appActivity=com.shaadi.android.ui.splash.SplashScreenActivity, appium-version=1.8, platformVersion=5.1, platformName=Android, deviceName=T00940XXR1}, appium-version=1.8, platformVersion=5.1, webStorageEnabled=false, locationContextEnabled=false, takesScreenshot=true, javascriptEnabled=true, deviceModel=MotoE2, platformName=Android, deviceManufacturer=motorola}]
Session ID: 60f2db52-e408-4c0a-b8ff-5239b94bee1c
	at org.openqa.selenium.remote.RemoteWebDriver.execute(RemoteWebDriver.java:670)
	at io.appium.java_client.DefaultGenericMobileDriver.execute(DefaultGenericMobileDriver.java:42)
	at io.appium.java_client.AppiumDriver.execute(AppiumDriver.java:1)
	at io.appium.java_client.android.AndroidDriver.execute(AndroidDriver.java:1)
	at org.openqa.selenium.remote.RemoteWebDriver.findElements(RemoteWebDriver.java:402)
	at org.openqa.selenium.remote.RemoteWebDriver.findElementsById(RemoteWebDriver.java:434)
	at io.appium.java_client.DefaultGenericMobileDriver.findElementsById(DefaultGenericMobileDriver.java:57)
	at io.appium.java_client.AppiumDriver.findElementsById(AppiumDriver.java:90)
	at org.openqa.selenium.By$ById.findElements(By.java:210)
	at org.openqa.selenium.remote.RemoteWebDriver.findElements(RemoteWebDriver.java:365)
	at io.appium.java_client.DefaultGenericMobileDriver.findElements(DefaultGenericMobileDriver.java:47)
	at io.appium.java_client.AppiumDriver.findElements(AppiumDriver.java:85)
	at org.openqa.selenium.support.pagefactory.DefaultElementLocator.findElements(DefaultElementLocator.java:85)
	at org.openqa.selenium.support.pagefactory.internal.LocatingElementListHandler.invoke(LocatingElementListHandler.java:36)
	at com.sun.proxy.$Proxy14.size(Unknown Source)
	at page.actions.SearchActions.ClickManglikData(SearchActions.java:260)
	at page.test.SearchTest.Manglik(SearchTest.java:73)
Caused by: org.openqa.selenium.WebDriverException: org.apache.http.conn.HttpHostConnectException: Connect to 192.168.192.214:4723 [/192.168.192.214] failed: Connection refused
Build info: version: 'unknown', revision: '31c43c8', time: '2016-08-02 21:57:56 -0700'
System info: host: 'lp7606.people.local', ip: '10.10.1.225', os.name: 'Mac OS X', os.arch: 'x86_64', os.version: '10.12.6', java.version: '1.8.0_77'
Driver info: driver.version: AppiumDriver
	at io.appium.java_client.remote.AppiumCommandExecutor.execute(AppiumCommandExecutor.java:64)
	at org.openqa.selenium.remote.RemoteWebDriver.execute(RemoteWebDriver.java:649)
	... 40 more
Caused by: org.apache.http.conn.HttpHostConnectException: Connect to 192.168.192.214:4723 [/192.168.192.214] failed: Connection refused
	at org.apache.http.impl.conn.HttpClientConnectionOperator.connect(HttpClientConnectionOperator.java:140)
	at org.apache.http.impl.conn.PoolingHttpClientConnectionManager.connect(PoolingHttpClientConnectionManager.java:314)
	at org.apache.http.impl.execchain.MainClientExec.establishRoute(MainClientExec.java:363)
	at org.apache.http.impl.execchain.MainClientExec.execute(MainClientExec.java:219)
	at org.apache.http.impl.execchain.ProtocolExec.execute(ProtocolExec.java:195)
	at org.apache.http.impl.execchain.RetryExec.execute(RetryExec.java:86)
	at org.apache.http.impl.execchain.RedirectExec.execute(RedirectExec.java:108)
	at org.apache.http.impl.client.InternalHttpClient.doExecute(InternalHttpClient.java:186)
	at org.apache.http.impl.client.CloseableHttpClient.execute(CloseableHttpClient.java:72)
	at org.apache.http.impl.client.CloseableHttpClient.execute(CloseableHttpClient.java:57)
	at org.openqa.selenium.remote.internal.ApacheHttpClient.fallBackExecute(ApacheHttpClient.java:142)
	at org.openqa.selenium.remote.internal.ApacheHttpClient.execute(ApacheHttpClient.java:88)
	at org.openqa.selenium.remote.HttpCommandExecutor.execute(HttpCommandExecutor.java:142)
	at io.appium.java_client.remote.AppiumCommandExecutor.execute(AppiumCommandExecutor.java:52)
	... 41 more
Caused by: java.net.ConnectException: Connection refused
	at java.net.PlainSocketImpl.socketConnect(Native Method)
	at java.net.AbstractPlainSocketImpl.doConnect(AbstractPlainSocketImpl.java:350)
	at java.net.AbstractPlainSocketImpl.connectToAddress(AbstractPlainSocketImpl.java:206)
	at java.net.AbstractPlainSocketImpl.connect(AbstractPlainSocketImpl.java:188)
	at java.net.SocksSocketImpl.connect(SocksSocketImpl.java:392)
	at java.net.Socket.connect(Socket.java:589)
	at org.apache.http.conn.socket.PlainConnectionSocketFactory.connectSocket(PlainConnectionSocketFactory.java:72)
	at org.apache.http.impl.conn.HttpClientConnectionOperator.connect(HttpClientConnectionOperator.java:117)
	... 54 more
... Removed 24 stack frames]]>
    </failure>
  </testcase> <!-- Manglik -->
  <testcase name="State" time="0.004" classname="page.test.SearchTest">
    <failure type="org.openqa.selenium.remote.UnreachableBrowserException" message="Error communicating with the remote browser. It may have died.
Build info: version: &amp;apos;unknown&amp;apos;, revision: &amp;apos;31c43c8&amp;apos;, time: &amp;apos;2016-08-02 21:57:56 -0700&amp;apos;
System info: host: &amp;apos;lp7606.people.local&amp;apos;, ip: &amp;apos;10.10.1.225&amp;apos;, os.name: &amp;apos;Mac OS X&amp;apos;, os.arch: &amp;apos;x86_64&amp;apos;, os.version: &amp;apos;10.12.6&amp;apos;, java.version: &amp;apos;1.8.0_77&amp;apos;
Driver info: driver.version: AppiumDriver
Capabilities [{app=/Users/amaanm/Desktop/ShaadiAutomationScript/apk/shaadi.apk, appPackage=com.shaadi.android, deviceScreenSize=540x960, networkConnectionEnabled=true, warnings={}, databaseEnabled=false, deviceName=T00940XXR1, platform=LINUX, deviceUDID=T00940XXR1, appActivity=com.shaadi.android.ui.splash.SplashScreenActivity, desired={app=/Users/amaanm/Desktop/ShaadiAutomationScript/apk/shaadi.apk, appPackage=com.shaadi.android, appActivity=com.shaadi.android.ui.splash.SplashScreenActivity, appium-version=1.8, platformVersion=5.1, platformName=Android, deviceName=T00940XXR1}, appium-version=1.8, platformVersion=5.1, webStorageEnabled=false, locationContextEnabled=false, takesScreenshot=true, javascriptEnabled=true, deviceModel=MotoE2, platformName=Android, deviceManufacturer=motorola}]
Session ID: 60f2db52-e408-4c0a-b8ff-5239b94bee1c">
      <![CDATA[org.openqa.selenium.remote.UnreachableBrowserException: Error communicating with the remote browser. It may have died.
Build info: version: 'unknown', revision: '31c43c8', time: '2016-08-02 21:57:56 -0700'
System info: host: 'lp7606.people.local', ip: '10.10.1.225', os.name: 'Mac OS X', os.arch: 'x86_64', os.version: '10.12.6', java.version: '1.8.0_77'
Driver info: driver.version: AppiumDriver
Capabilities [{app=/Users/amaanm/Desktop/ShaadiAutomationScript/apk/shaadi.apk, appPackage=com.shaadi.android, deviceScreenSize=540x960, networkConnectionEnabled=true, warnings={}, databaseEnabled=false, deviceName=T00940XXR1, platform=LINUX, deviceUDID=T00940XXR1, appActivity=com.shaadi.android.ui.splash.SplashScreenActivity, desired={app=/Users/amaanm/Desktop/ShaadiAutomationScript/apk/shaadi.apk, appPackage=com.shaadi.android, appActivity=com.shaadi.android.ui.splash.SplashScreenActivity, appium-version=1.8, platformVersion=5.1, platformName=Android, deviceName=T00940XXR1}, appium-version=1.8, platformVersion=5.1, webStorageEnabled=false, locationContextEnabled=false, takesScreenshot=true, javascriptEnabled=true, deviceModel=MotoE2, platformName=Android, deviceManufacturer=motorola}]
Session ID: 60f2db52-e408-4c0a-b8ff-5239b94bee1c
	at org.openqa.selenium.remote.RemoteWebDriver.execute(RemoteWebDriver.java:670)
	at io.appium.java_client.DefaultGenericMobileDriver.execute(DefaultGenericMobileDriver.java:42)
	at io.appium.java_client.AppiumDriver.execute(AppiumDriver.java:1)
	at io.appium.java_client.android.AndroidDriver.execute(AndroidDriver.java:1)
	at org.openqa.selenium.remote.RemoteWebDriver.findElements(RemoteWebDriver.java:402)
	at org.openqa.selenium.remote.RemoteWebDriver.findElementsById(RemoteWebDriver.java:434)
	at io.appium.java_client.DefaultGenericMobileDriver.findElementsById(DefaultGenericMobileDriver.java:57)
	at io.appium.java_client.AppiumDriver.findElementsById(AppiumDriver.java:90)
	at org.openqa.selenium.By$ById.findElements(By.java:210)
	at org.openqa.selenium.remote.RemoteWebDriver.findElements(RemoteWebDriver.java:365)
	at io.appium.java_client.DefaultGenericMobileDriver.findElements(DefaultGenericMobileDriver.java:47)
	at io.appium.java_client.AppiumDriver.findElements(AppiumDriver.java:85)
	at org.openqa.selenium.support.pagefactory.DefaultElementLocator.findElements(DefaultElementLocator.java:85)
	at org.openqa.selenium.support.pagefactory.internal.LocatingElementListHandler.invoke(LocatingElementListHandler.java:36)
	at com.sun.proxy.$Proxy14.size(Unknown Source)
	at page.actions.SearchActions.ClickStateData(SearchActions.java:233)
	at page.test.SearchTest.State(SearchTest.java:64)
Caused by: org.openqa.selenium.WebDriverException: org.apache.http.conn.HttpHostConnectException: Connect to 192.168.192.214:4723 [/192.168.192.214] failed: Connection refused
Build info: version: 'unknown', revision: '31c43c8', time: '2016-08-02 21:57:56 -0700'
System info: host: 'lp7606.people.local', ip: '10.10.1.225', os.name: 'Mac OS X', os.arch: 'x86_64', os.version: '10.12.6', java.version: '1.8.0_77'
Driver info: driver.version: AppiumDriver
	at io.appium.java_client.remote.AppiumCommandExecutor.execute(AppiumCommandExecutor.java:64)
	at org.openqa.selenium.remote.RemoteWebDriver.execute(RemoteWebDriver.java:649)
	... 40 more
Caused by: org.apache.http.conn.HttpHostConnectException: Connect to 192.168.192.214:4723 [/192.168.192.214] failed: Connection refused
	at org.apache.http.impl.conn.HttpClientConnectionOperator.connect(HttpClientConnectionOperator.java:140)
	at org.apache.http.impl.conn.PoolingHttpClientConnectionManager.connect(PoolingHttpClientConnectionManager.java:314)
	at org.apache.http.impl.execchain.MainClientExec.establishRoute(MainClientExec.java:363)
	at org.apache.http.impl.execchain.MainClientExec.execute(MainClientExec.java:219)
	at org.apache.http.impl.execchain.ProtocolExec.execute(ProtocolExec.java:195)
	at org.apache.http.impl.execchain.RetryExec.execute(RetryExec.java:86)
	at org.apache.http.impl.execchain.RedirectExec.execute(RedirectExec.java:108)
	at org.apache.http.impl.client.InternalHttpClient.doExecute(InternalHttpClient.java:186)
	at org.apache.http.impl.client.CloseableHttpClient.execute(CloseableHttpClient.java:72)
	at org.apache.http.impl.client.CloseableHttpClient.execute(CloseableHttpClient.java:57)
	at org.openqa.selenium.remote.internal.ApacheHttpClient.fallBackExecute(ApacheHttpClient.java:142)
	at org.openqa.selenium.remote.internal.ApacheHttpClient.execute(ApacheHttpClient.java:88)
	at org.openqa.selenium.remote.HttpCommandExecutor.execute(HttpCommandExecutor.java:142)
	at io.appium.java_client.remote.AppiumCommandExecutor.execute(AppiumCommandExecutor.java:52)
	... 41 more
Caused by: java.net.ConnectException: Connection refused
	at java.net.PlainSocketImpl.socketConnect(Native Method)
	at java.net.AbstractPlainSocketImpl.doConnect(AbstractPlainSocketImpl.java:350)
	at java.net.AbstractPlainSocketImpl.connectToAddress(AbstractPlainSocketImpl.java:206)
	at java.net.AbstractPlainSocketImpl.connect(AbstractPlainSocketImpl.java:188)
	at java.net.SocksSocketImpl.connect(SocksSocketImpl.java:392)
	at java.net.Socket.connect(Socket.java:589)
	at org.apache.http.conn.socket.PlainConnectionSocketFactory.connectSocket(PlainConnectionSocketFactory.java:72)
	at org.apache.http.impl.conn.HttpClientConnectionOperator.connect(HttpClientConnectionOperator.java:117)
	... 54 more
... Removed 24 stack frames]]>
    </failure>
  </testcase> <!-- State -->
  <testcase name="SearchNow" time="10.008" classname="page.test.SearchTest"/>
  <testcase name="ConnectNow" time="0.003" classname="page.test.SearchTest">
    <failure type="org.openqa.selenium.remote.UnreachableBrowserException" message="Error communicating with the remote browser. It may have died.
Build info: version: &amp;apos;unknown&amp;apos;, revision: &amp;apos;31c43c8&amp;apos;, time: &amp;apos;2016-08-02 21:57:56 -0700&amp;apos;
System info: host: &amp;apos;lp7606.people.local&amp;apos;, ip: &amp;apos;10.10.1.225&amp;apos;, os.name: &amp;apos;Mac OS X&amp;apos;, os.arch: &amp;apos;x86_64&amp;apos;, os.version: &amp;apos;10.12.6&amp;apos;, java.version: &amp;apos;1.8.0_77&amp;apos;
Driver info: driver.version: AppiumDriver
Capabilities [{app=/Users/amaanm/Desktop/ShaadiAutomationScript/apk/shaadi.apk, appPackage=com.shaadi.android, deviceScreenSize=540x960, networkConnectionEnabled=true, warnings={}, databaseEnabled=false, deviceName=T00940XXR1, platform=LINUX, deviceUDID=T00940XXR1, appActivity=com.shaadi.android.ui.splash.SplashScreenActivity, desired={app=/Users/amaanm/Desktop/ShaadiAutomationScript/apk/shaadi.apk, appPackage=com.shaadi.android, appActivity=com.shaadi.android.ui.splash.SplashScreenActivity, appium-version=1.8, platformVersion=5.1, platformName=Android, deviceName=T00940XXR1}, appium-version=1.8, platformVersion=5.1, webStorageEnabled=false, locationContextEnabled=false, takesScreenshot=true, javascriptEnabled=true, deviceModel=MotoE2, platformName=Android, deviceManufacturer=motorola}]
Session ID: 60f2db52-e408-4c0a-b8ff-5239b94bee1c">
      <![CDATA[org.openqa.selenium.remote.UnreachableBrowserException: Error communicating with the remote browser. It may have died.
Build info: version: 'unknown', revision: '31c43c8', time: '2016-08-02 21:57:56 -0700'
System info: host: 'lp7606.people.local', ip: '10.10.1.225', os.name: 'Mac OS X', os.arch: 'x86_64', os.version: '10.12.6', java.version: '1.8.0_77'
Driver info: driver.version: AppiumDriver
Capabilities [{app=/Users/amaanm/Desktop/ShaadiAutomationScript/apk/shaadi.apk, appPackage=com.shaadi.android, deviceScreenSize=540x960, networkConnectionEnabled=true, warnings={}, databaseEnabled=false, deviceName=T00940XXR1, platform=LINUX, deviceUDID=T00940XXR1, appActivity=com.shaadi.android.ui.splash.SplashScreenActivity, desired={app=/Users/amaanm/Desktop/ShaadiAutomationScript/apk/shaadi.apk, appPackage=com.shaadi.android, appActivity=com.shaadi.android.ui.splash.SplashScreenActivity, appium-version=1.8, platformVersion=5.1, platformName=Android, deviceName=T00940XXR1}, appium-version=1.8, platformVersion=5.1, webStorageEnabled=false, locationContextEnabled=false, takesScreenshot=true, javascriptEnabled=true, deviceModel=MotoE2, platformName=Android, deviceManufacturer=motorola}]
Session ID: 60f2db52-e408-4c0a-b8ff-5239b94bee1c
	at org.openqa.selenium.remote.RemoteWebDriver.execute(RemoteWebDriver.java:670)
	at io.appium.java_client.DefaultGenericMobileDriver.execute(DefaultGenericMobileDriver.java:42)
	at io.appium.java_client.AppiumDriver.execute(AppiumDriver.java:1)
	at io.appium.java_client.android.AndroidDriver.execute(AndroidDriver.java:1)
	at org.openqa.selenium.remote.RemoteWebDriver.findElements(RemoteWebDriver.java:402)
	at org.openqa.selenium.remote.RemoteWebDriver.findElementsById(RemoteWebDriver.java:434)
	at io.appium.java_client.DefaultGenericMobileDriver.findElementsById(DefaultGenericMobileDriver.java:57)
	at io.appium.java_client.AppiumDriver.findElementsById(AppiumDriver.java:90)
	at org.openqa.selenium.By$ById.findElements(By.java:210)
	at org.openqa.selenium.remote.RemoteWebDriver.findElements(RemoteWebDriver.java:365)
	at io.appium.java_client.DefaultGenericMobileDriver.findElements(DefaultGenericMobileDriver.java:47)
	at io.appium.java_client.AppiumDriver.findElements(AppiumDriver.java:85)
	at org.openqa.selenium.support.pagefactory.DefaultElementLocator.findElements(DefaultElementLocator.java:85)
	at org.openqa.selenium.support.pagefactory.internal.LocatingElementListHandler.invoke(LocatingElementListHandler.java:36)
	at com.sun.proxy.$Proxy14.get(Unknown Source)
	at page.actions.SearchActions.ScrollProfilePage(SearchActions.java:45)
	at page.test.SearchTest.ConnectNow(SearchTest.java:88)
Caused by: org.openqa.selenium.WebDriverException: org.apache.http.conn.HttpHostConnectException: Connect to 192.168.192.214:4723 [/192.168.192.214] failed: Connection refused
Build info: version: 'unknown', revision: '31c43c8', time: '2016-08-02 21:57:56 -0700'
System info: host: 'lp7606.people.local', ip: '10.10.1.225', os.name: 'Mac OS X', os.arch: 'x86_64', os.version: '10.12.6', java.version: '1.8.0_77'
Driver info: driver.version: AppiumDriver
	at io.appium.java_client.remote.AppiumCommandExecutor.execute(AppiumCommandExecutor.java:64)
	at org.openqa.selenium.remote.RemoteWebDriver.execute(RemoteWebDriver.java:649)
	... 40 more
Caused by: org.apache.http.conn.HttpHostConnectException: Connect to 192.168.192.214:4723 [/192.168.192.214] failed: Connection refused
	at org.apache.http.impl.conn.HttpClientConnectionOperator.connect(HttpClientConnectionOperator.java:140)
	at org.apache.http.impl.conn.PoolingHttpClientConnectionManager.connect(PoolingHttpClientConnectionManager.java:314)
	at org.apache.http.impl.execchain.MainClientExec.establishRoute(MainClientExec.java:363)
	at org.apache.http.impl.execchain.MainClientExec.execute(MainClientExec.java:219)
	at org.apache.http.impl.execchain.ProtocolExec.execute(ProtocolExec.java:195)
	at org.apache.http.impl.execchain.RetryExec.execute(RetryExec.java:86)
	at org.apache.http.impl.execchain.RedirectExec.execute(RedirectExec.java:108)
	at org.apache.http.impl.client.InternalHttpClient.doExecute(InternalHttpClient.java:186)
	at org.apache.http.impl.client.CloseableHttpClient.execute(CloseableHttpClient.java:72)
	at org.apache.http.impl.client.CloseableHttpClient.execute(CloseableHttpClient.java:57)
	at org.openqa.selenium.remote.internal.ApacheHttpClient.fallBackExecute(ApacheHttpClient.java:142)
	at org.openqa.selenium.remote.internal.ApacheHttpClient.execute(ApacheHttpClient.java:88)
	at org.openqa.selenium.remote.HttpCommandExecutor.execute(HttpCommandExecutor.java:142)
	at io.appium.java_client.remote.AppiumCommandExecutor.execute(AppiumCommandExecutor.java:52)
	... 41 more
Caused by: java.net.ConnectException: Connection refused
	at java.net.PlainSocketImpl.socketConnect(Native Method)
	at java.net.AbstractPlainSocketImpl.doConnect(AbstractPlainSocketImpl.java:350)
	at java.net.AbstractPlainSocketImpl.connectToAddress(AbstractPlainSocketImpl.java:206)
	at java.net.AbstractPlainSocketImpl.connect(AbstractPlainSocketImpl.java:188)
	at java.net.SocksSocketImpl.connect(SocksSocketImpl.java:392)
	at java.net.Socket.connect(Socket.java:589)
	at org.apache.http.conn.socket.PlainConnectionSocketFactory.connectSocket(PlainConnectionSocketFactory.java:72)
	at org.apache.http.impl.conn.HttpClientConnectionOperator.connect(HttpClientConnectionOperator.java:117)
	... 54 more
... Removed 24 stack frames]]>
    </failure>
  </testcase> <!-- ConnectNow -->
</testsuite> <!-- Test -->
