<?xml version="1.0" encoding="UTF-8"?>
<!-- Generated by org.testng.reporters.JUnitXMLReporter -->
<testsuite hostname="manish-desktop" name="Default test" tests="26" failures="0" timestamp="7 Jul 2017 10:21:43 GMT" time="0.187" errors="0">
  <testcase name="@BeforeSuite setup" time="0.0" classname="page.actions.MyteamActions">
    <failure type="org.testng.TestNGException" message="
Method setup requires 21 parameters but 22 were supplied in the @Configuration annotation.">
      <![CDATA[org.testng.TestNGException: 
Method setup requires 21 parameters but 22 were supplied in the @Configuration annotation.
	at org.testng.internal.Parameters.checkParameterTypes(Parameters.java:191)
	at org.testng.internal.Parameters.createParameters(Parameters.java:127)
	at org.testng.internal.Parameters.createParameters(Parameters.java:361)
	at org.testng.internal.Parameters.createConfigurationParameters(Parameters.java:84)
	at org.testng.internal.Invoker.invokeConfigurations(Invoker.java:197)
	at org.testng.internal.Invoker.invokeConfigurations(Invoker.java:138)
	at org.testng.SuiteRunner.privateRun(SuiteRunner.java:298)
	at org.testng.SuiteRunner.run(SuiteRunner.java:261)
	at org.testng.SuiteRunnerWorker.runSuite(SuiteRunnerWorker.java:52)
	at org.testng.SuiteRunnerWorker.run(SuiteRunnerWorker.java:86)
	at org.testng.TestNG.runSuitesSequentially(TestNG.java:1215)
	at org.testng.TestNG.runSuitesLocally(TestNG.java:1140)
	at org.testng.TestNG.run(TestNG.java:1048)
	at org.testng.remote.AbstractRemoteTestNG.run(AbstractRemoteTestNG.java:132)
	at org.testng.remote.RemoteTestNG.initAndRun(RemoteTestNG.java:230)
	at org.testng.remote.RemoteTestNG.main(RemoteTestNG.java:76)
]]>
    </failure>
  </testcase> <!-- @BeforeSuite setup -->
  <testcase name="@BeforeClass beforeclass" time="0.0" classname="page.test.MyteamTest">
    <skipped/>
  </testcase> <!-- @BeforeClass beforeclass -->
  <testcase name="@BeforeMethod nameBefore" time="0.0" classname="page.test.MyteamTest">
    <skipped/>
  </testcase> <!-- @BeforeMethod nameBefore -->
  <testcase name="@AfterMethod afterMethod" time="0.0" classname="page.test.MyteamTest">
    <skipped/>
  </testcase> <!-- @AfterMethod afterMethod -->
  <testcase name="@BeforeClass beforeclass" time="0.0" classname="page.test.GameTest">
    <skipped/>
  </testcase> <!-- @BeforeClass beforeclass -->
  <testcase name="@BeforeMethod nameBefore" time="0.0" classname="page.test.GameTest">
    <skipped/>
  </testcase> <!-- @BeforeMethod nameBefore -->
  <testcase name="@AfterMethod afterMethod" time="0.0" classname="page.test.GameTest">
    <skipped/>
  </testcase> <!-- @AfterMethod afterMethod -->
  <testcase name="@BeforeClass beforeclass" time="0.0" classname="page.test.ArenaTest">
    <skipped/>
  </testcase> <!-- @BeforeClass beforeclass -->
  <testcase name="@BeforeMethod nameBefore" time="0.0" classname="page.test.ArenaTest">
    <skipped/>
  </testcase> <!-- @BeforeMethod nameBefore -->
  <testcase name="@AfterMethod afterMethod" time="0.0" classname="page.test.ArenaTest">
    <skipped/>
  </testcase> <!-- @AfterMethod afterMethod -->
  <testcase name="@BeforeClass beforeclass" time="0.0" classname="page.test.SettingsTest">
    <skipped/>
  </testcase> <!-- @BeforeClass beforeclass -->
  <testcase name="@BeforeMethod nameBefore" time="0.0" classname="page.test.SettingsTest">
    <skipped/>
  </testcase> <!-- @BeforeMethod nameBefore -->
  <testcase name="@AfterMethod afterMethod" time="0.0" classname="page.test.SettingsTest">
    <skipped/>
  </testcase> <!-- @AfterMethod afterMethod -->
  <testcase name="@BeforeClass beforeclass" time="0.0" classname="page.test.AppOnBoardingTest">
    <skipped/>
  </testcase> <!-- @BeforeClass beforeclass -->
  <testcase name="@BeforeMethod nameBefore" time="0.0" classname="page.test.AppOnBoardingTest">
    <skipped/>
  </testcase> <!-- @BeforeMethod nameBefore -->
  <testcase name="@AfterMethod afterMethod" time="0.0" classname="page.test.AppOnBoardingTest">
    <skipped/>
  </testcase> <!-- @AfterMethod afterMethod -->
  <testcase name="@BeforeClass beforeclass" time="0.0" classname="page.test.LatestTest">
    <skipped/>
  </testcase> <!-- @BeforeClass beforeclass -->
  <testcase name="@BeforeMethod nameBefore" time="0.0" classname="page.test.LatestTest">
    <skipped/>
  </testcase> <!-- @BeforeMethod nameBefore -->
  <testcase name="@AfterMethod afterMethod" time="0.0" classname="page.test.LatestTest">
    <skipped/>
  </testcase> <!-- @AfterMethod afterMethod -->
  <testcase name="@BeforeMethod nameBefore" time="0.0" classname="page.test.MyteamTest">
    <skipped/>
  </testcase> <!-- @BeforeMethod nameBefore -->
  <testcase name="@AfterMethod afterMethod" time="0.0" classname="page.test.MyteamTest">
    <skipped/>
  </testcase> <!-- @AfterMethod afterMethod -->
  <testcase name="@BeforeMethod nameBefore" time="0.0" classname="page.test.GameTest">
    <skipped/>
  </testcase> <!-- @BeforeMethod nameBefore -->
  <testcase name="@AfterMethod afterMethod" time="0.0" classname="page.test.GameTest">
    <skipped/>
  </testcase> <!-- @AfterMethod afterMethod -->
  <testcase name="@BeforeMethod nameBefore" time="0.0" classname="page.test.SettingsTest">
    <skipped/>
  </testcase> <!-- @BeforeMethod nameBefore -->
  <testcase name="@AfterMethod afterMethod" time="0.0" classname="page.test.SettingsTest">
    <skipped/>
  </testcase> <!-- @AfterMethod afterMethod -->
  <testcase name="@BeforeMethod nameBefore" time="0.0" classname="page.test.LatestTest">
    <skipped/>
  </testcase> <!-- @BeforeMethod nameBefore -->
  <testcase name="@AfterMethod afterMethod" time="0.0" classname="page.test.LatestTest">
    <skipped/>
  </testcase> <!-- @AfterMethod afterMethod -->
  <testcase name="@BeforeMethod nameBefore" time="0.0" classname="page.test.MyteamTest">
    <skipped/>
  </testcase> <!-- @BeforeMethod nameBefore -->
  <testcase name="@AfterMethod afterMethod" time="0.0" classname="page.test.MyteamTest">
    <skipped/>
  </testcase> <!-- @AfterMethod afterMethod -->
  <testcase name="@BeforeMethod nameBefore" time="0.0" classname="page.test.GameTest">
    <skipped/>
  </testcase> <!-- @BeforeMethod nameBefore -->
  <testcase name="@AfterMethod afterMethod" time="0.0" classname="page.test.GameTest">
    <skipped/>
  </testcase> <!-- @AfterMethod afterMethod -->
  <testcase name="@BeforeMethod nameBefore" time="0.0" classname="page.test.SettingsTest">
    <skipped/>
  </testcase> <!-- @BeforeMethod nameBefore -->
  <testcase name="@AfterMethod afterMethod" time="0.0" classname="page.test.SettingsTest">
    <skipped/>
  </testcase> <!-- @AfterMethod afterMethod -->
  <testcase name="@BeforeMethod nameBefore" time="0.0" classname="page.test.LatestTest">
    <skipped/>
  </testcase> <!-- @BeforeMethod nameBefore -->
  <testcase name="@AfterMethod afterMethod" time="0.0" classname="page.test.LatestTest">
    <skipped/>
  </testcase> <!-- @AfterMethod afterMethod -->
  <testcase name="@BeforeMethod nameBefore" time="0.0" classname="page.test.MyteamTest">
    <skipped/>
  </testcase> <!-- @BeforeMethod nameBefore -->
  <testcase name="@AfterMethod afterMethod" time="0.0" classname="page.test.MyteamTest">
    <skipped/>
  </testcase> <!-- @AfterMethod afterMethod -->
  <testcase name="@BeforeMethod nameBefore" time="0.0" classname="page.test.GameTest">
    <skipped/>
  </testcase> <!-- @BeforeMethod nameBefore -->
  <testcase name="@AfterMethod afterMethod" time="0.0" classname="page.test.GameTest">
    <skipped/>
  </testcase> <!-- @AfterMethod afterMethod -->
  <testcase name="@BeforeMethod nameBefore" time="0.0" classname="page.test.SettingsTest">
    <skipped/>
  </testcase> <!-- @BeforeMethod nameBefore -->
  <testcase name="@AfterMethod afterMethod" time="0.0" classname="page.test.SettingsTest">
    <skipped/>
  </testcase> <!-- @AfterMethod afterMethod -->
  <testcase name="@BeforeMethod nameBefore" time="0.0" classname="page.test.MyteamTest">
    <skipped/>
  </testcase> <!-- @BeforeMethod nameBefore -->
  <testcase name="@AfterMethod afterMethod" time="0.0" classname="page.test.MyteamTest">
    <skipped/>
  </testcase> <!-- @AfterMethod afterMethod -->
  <testcase name="@BeforeMethod nameBefore" time="0.0" classname="page.test.GameTest">
    <skipped/>
  </testcase> <!-- @BeforeMethod nameBefore -->
  <testcase name="@AfterMethod afterMethod" time="0.0" classname="page.test.GameTest">
    <skipped/>
  </testcase> <!-- @AfterMethod afterMethod -->
  <testcase name="@BeforeMethod nameBefore" time="0.0" classname="page.test.MyteamTest">
    <skipped/>
  </testcase> <!-- @BeforeMethod nameBefore -->
  <testcase name="@AfterMethod afterMethod" time="0.0" classname="page.test.MyteamTest">
    <skipped/>
  </testcase> <!-- @AfterMethod afterMethod -->
  <testcase name="@BeforeMethod nameBefore" time="0.0" classname="page.test.MyteamTest">
    <skipped/>
  </testcase> <!-- @BeforeMethod nameBefore -->
  <testcase name="@AfterMethod afterMethod" time="0.0" classname="page.test.MyteamTest">
    <skipped/>
  </testcase> <!-- @AfterMethod afterMethod -->
  <testcase name="@BeforeMethod nameBefore" time="0.0" classname="page.test.MyteamTest">
    <skipped/>
  </testcase> <!-- @BeforeMethod nameBefore -->
  <testcase name="@AfterMethod afterMethod" time="0.0" classname="page.test.MyteamTest">
    <skipped/>
  </testcase> <!-- @AfterMethod afterMethod -->
  <testcase name="@BeforeMethod nameBefore" time="0.0" classname="page.test.MyteamTest">
    <skipped/>
  </testcase> <!-- @BeforeMethod nameBefore -->
  <testcase name="@AfterMethod afterMethod" time="0.0" classname="page.test.MyteamTest">
    <skipped/>
  </testcase> <!-- @AfterMethod afterMethod -->
  <testcase name="@BeforeMethod nameBefore" time="0.0" classname="page.test.MyteamTest">
    <skipped/>
  </testcase> <!-- @BeforeMethod nameBefore -->
  <testcase name="@AfterMethod afterMethod" time="0.0" classname="page.test.MyteamTest">
    <skipped/>
  </testcase> <!-- @AfterMethod afterMethod -->
  <testcase name="@BeforeClass beforeclass" time="0.0" classname="page.test.EULATest">
    <skipped/>
  </testcase> <!-- @BeforeClass beforeclass -->
  <testcase name="@BeforeMethod nameBefore" time="0.0" classname="page.test.EULATest">
    <skipped/>
  </testcase> <!-- @BeforeMethod nameBefore -->
  <testcase name="@AfterMethod afterMethod" time="0.0" classname="page.test.EULATest">
    <skipped/>
  </testcase> <!-- @AfterMethod afterMethod -->
  <testcase name="@BeforeClass beforeclass" time="0.0" classname="page.test.SplashTest">
    <skipped/>
  </testcase> <!-- @BeforeClass beforeclass -->
  <testcase name="@BeforeMethod nameBefore" time="0.0" classname="page.test.SplashTest">
    <skipped/>
  </testcase> <!-- @BeforeMethod nameBefore -->
  <testcase name="@AfterMethod afterMethod" time="0.0" classname="page.test.SplashTest">
    <skipped/>
  </testcase> <!-- @AfterMethod afterMethod -->
  <testcase name="Team" time="0.006" classname="page.test.MyteamTest">
    <skipped/>
  </testcase> <!-- Team -->
  <testcase name="Game" time="0.002" classname="page.test.GameTest">
    <skipped/>
  </testcase> <!-- Game -->
  <testcase name="Arena" time="0.001" classname="page.test.ArenaTest">
    <skipped/>
  </testcase> <!-- Arena -->
  <testcase name="Settings" time="0.001" classname="page.test.SettingsTest">
    <skipped/>
  </testcase> <!-- Settings -->
  <testcase name="AppOnBoardingScreen" time="0.001" classname="page.test.AppOnBoardingTest">
    <skipped/>
  </testcase> <!-- AppOnBoardingScreen -->
  <testcase name="Latest" time="0.001" classname="page.test.LatestTest">
    <skipped/>
  </testcase> <!-- Latest -->
  <testcase name="Players" time="0.001" classname="page.test.MyteamTest">
    <skipped/>
  </testcase> <!-- Players -->
  <testcase name="GameTeamLeaders" time="0.001" classname="page.test.GameTest">
    <skipped/>
  </testcase> <!-- GameTeamLeaders -->
  <testcase name="SettingsEULA" time="0.001" classname="page.test.SettingsTest">
    <skipped/>
  </testcase> <!-- SettingsEULA -->
  <testcase name="LatestDetail" time="0.001" classname="page.test.LatestTest">
    <skipped/>
  </testcase> <!-- LatestDetail -->
  <testcase name="PlayerDetail" time="0.0" classname="page.test.MyteamTest">
    <skipped/>
  </testcase> <!-- PlayerDetail -->
  <testcase name="GameTeamStats" time="0.001" classname="page.test.GameTest">
    <skipped/>
  </testcase> <!-- GameTeamStats -->
  <testcase name="SettingsPP" time="0.0" classname="page.test.SettingsTest">
    <skipped/>
  </testcase> <!-- SettingsPP -->
  <testcase name="Author" time="0.0" classname="page.test.LatestTest">
    <skipped/>
  </testcase> <!-- Author -->
  <testcase name="PlayerStats" time="0.001" classname="page.test.MyteamTest">
    <skipped/>
  </testcase> <!-- PlayerStats -->
  <testcase name="GameTeamStatsDetail" time="0.001" classname="page.test.GameTest">
    <skipped/>
  </testcase> <!-- GameTeamStatsDetail -->
  <testcase name="SettingsAbout" time="0.001" classname="page.test.SettingsTest">
    <skipped/>
  </testcase> <!-- SettingsAbout -->
  <testcase name="Coaches" time="0.0" classname="page.test.MyteamTest">
    <skipped/>
  </testcase> <!-- Coaches -->
  <testcase name="GameGraph" time="0.002" classname="page.test.GameTest">
    <skipped/>
  </testcase> <!-- GameGraph -->
  <testcase name="CoachesDetail" time="0.003" classname="page.test.MyteamTest">
    <skipped/>
  </testcase> <!-- CoachesDetail -->
  <testcase name="SeasonAverageStats" time="0.004" classname="page.test.MyteamTest">
    <skipped/>
  </testcase> <!-- SeasonAverageStats -->
  <testcase name="AdvanceStats" time="0.0" classname="page.test.MyteamTest">
    <skipped/>
  </testcase> <!-- AdvanceStats -->
  <testcase name="TeamLeaderStats" time="0.001" classname="page.test.MyteamTest">
    <skipped/>
  </testcase> <!-- TeamLeaderStats -->
  <testcase name="TeamSchedule" time="0.023" classname="page.test.MyteamTest">
    <skipped/>
  </testcase> <!-- TeamSchedule -->
  <testcase name="EULAScreen" time="0.0" classname="page.test.EULATest">
    <skipped/>
  </testcase> <!-- EULAScreen -->
  <testcase name="Splash" time="0.0" classname="page.test.SplashTest">
    <skipped/>
  </testcase> <!-- Splash -->
</testsuite> <!-- Default test -->
