<?xml version="1.0" encoding="UTF-8"?>
<!-- Generated by org.testng.reporters.JUnitXMLReporter -->
<testsuite hostname="lp7627.people.local" name="Test" tests="11" failures="9" timestamp="29 Jun 2018 12:17:22 GMT" time="173.906" errors="0">
  <testcase name="Login" time="26.028" classname="page.test.LoginTest"/>
  <testcase name="Search" time="137.321" classname="page.test.SearchTest">
    <failure type="org.openqa.selenium.remote.UnreachableBrowserException" message="Error communicating with the remote browser. It may have died.
Build info: version: &amp;apos;unknown&amp;apos;, revision: &amp;apos;31c43c8&amp;apos;, time: &amp;apos;2016-08-02 21:57:56 -0700&amp;apos;
System info: host: &amp;apos;lp7627.people.local&amp;apos;, ip: &amp;apos;10.10.1.151&amp;apos;, os.name: &amp;apos;Mac OS X&amp;apos;, os.arch: &amp;apos;x86_64&amp;apos;, os.version: &amp;apos;10.12.6&amp;apos;, java.version: &amp;apos;1.8.0_77&amp;apos;
Driver info: driver.version: AppiumDriver
Capabilities [{app=/Users/amaanm/Desktop/ShaadiAutomationScript/apk/shaadi.apk, appPackage=com.shaadi.android, deviceScreenSize=540x960, networkConnectionEnabled=true, warnings={}, databaseEnabled=false, deviceName=T00940XXR1, platform=LINUX, deviceUDID=T00940XXR1, appActivity=com.shaadi.android.ui.splash.SplashScreenActivity, desired={app=/Users/amaanm/Desktop/ShaadiAutomationScript/apk/shaadi.apk, appPackage=com.shaadi.android, appActivity=com.shaadi.android.ui.splash.SplashScreenActivity, appium-version=1.8, platformVersion=5.1, platformName=Android, deviceName=T00940XXR1}, appium-version=1.8, platformVersion=5.1, webStorageEnabled=false, locationContextEnabled=false, takesScreenshot=true, javascriptEnabled=true, deviceModel=MotoE2, platformName=Android, deviceManufacturer=motorola}]
Session ID: 72fea7f0-3606-4923-8327-089fb597d7a0">
      <![CDATA[org.openqa.selenium.remote.UnreachableBrowserException: Error communicating with the remote browser. It may have died.
Build info: version: 'unknown', revision: '31c43c8', time: '2016-08-02 21:57:56 -0700'
System info: host: 'lp7627.people.local', ip: '10.10.1.151', os.name: 'Mac OS X', os.arch: 'x86_64', os.version: '10.12.6', java.version: '1.8.0_77'
Driver info: driver.version: AppiumDriver
Capabilities [{app=/Users/amaanm/Desktop/ShaadiAutomationScript/apk/shaadi.apk, appPackage=com.shaadi.android, deviceScreenSize=540x960, networkConnectionEnabled=true, warnings={}, databaseEnabled=false, deviceName=T00940XXR1, platform=LINUX, deviceUDID=T00940XXR1, appActivity=com.shaadi.android.ui.splash.SplashScreenActivity, desired={app=/Users/amaanm/Desktop/ShaadiAutomationScript/apk/shaadi.apk, appPackage=com.shaadi.android, appActivity=com.shaadi.android.ui.splash.SplashScreenActivity, appium-version=1.8, platformVersion=5.1, platformName=Android, deviceName=T00940XXR1}, appium-version=1.8, platformVersion=5.1, webStorageEnabled=false, locationContextEnabled=false, takesScreenshot=true, javascriptEnabled=true, deviceModel=MotoE2, platformName=Android, deviceManufacturer=motorola}]
Session ID: 72fea7f0-3606-4923-8327-089fb597d7a0
	at org.openqa.selenium.remote.RemoteWebDriver.execute(RemoteWebDriver.java:670)
	at io.appium.java_client.DefaultGenericMobileDriver.execute(DefaultGenericMobileDriver.java:42)
	at io.appium.java_client.AppiumDriver.execute(AppiumDriver.java:1)
	at io.appium.java_client.android.AndroidDriver.execute(AndroidDriver.java:1)
	at org.openqa.selenium.remote.RemoteWebDriver.findElements(RemoteWebDriver.java:402)
	at org.openqa.selenium.remote.RemoteWebDriver.findElementsByClassName(RemoteWebDriver.java:492)
	at io.appium.java_client.DefaultGenericMobileDriver.findElementsByClassName(DefaultGenericMobileDriver.java:114)
	at io.appium.java_client.AppiumDriver.findElementsByClassName(AppiumDriver.java:110)
	at org.openqa.selenium.By$ByClassName.findElements(By.java:383)
	at org.openqa.selenium.remote.RemoteWebDriver.findElements(RemoteWebDriver.java:365)
	at io.appium.java_client.DefaultGenericMobileDriver.findElements(DefaultGenericMobileDriver.java:47)
	at io.appium.java_client.AppiumDriver.findElements(AppiumDriver.java:85)
	at org.openqa.selenium.support.pagefactory.DefaultElementLocator.findElements(DefaultElementLocator.java:85)
	at org.openqa.selenium.support.pagefactory.internal.LocatingElementListHandler.invoke(LocatingElementListHandler.java:36)
	at com.sun.proxy.$Proxy14.get(Unknown Source)
	at page.actions.SearchActions.ClickSearch(SearchActions.java:14)
	at page.test.SearchTest.Search(SearchTest.java:13)
Caused by: org.openqa.selenium.WebDriverException: org.apache.http.conn.HttpHostConnectException: Connect to 192.168.192.214:4723 [/192.168.192.214] failed: Connection refused
Build info: version: 'unknown', revision: '31c43c8', time: '2016-08-02 21:57:56 -0700'
System info: host: 'lp7627.people.local', ip: '10.10.1.151', os.name: 'Mac OS X', os.arch: 'x86_64', os.version: '10.12.6', java.version: '1.8.0_77'
Driver info: driver.version: AppiumDriver
	at io.appium.java_client.remote.AppiumCommandExecutor.execute(AppiumCommandExecutor.java:64)
	at org.openqa.selenium.remote.RemoteWebDriver.execute(RemoteWebDriver.java:649)
	... 40 more
Caused by: org.apache.http.conn.HttpHostConnectException: Connect to 192.168.192.214:4723 [/192.168.192.214] failed: Connection refused
	at org.apache.http.impl.conn.HttpClientConnectionOperator.connect(HttpClientConnectionOperator.java:140)
	at org.apache.http.impl.conn.PoolingHttpClientConnectionManager.connect(PoolingHttpClientConnectionManager.java:314)
	at org.apache.http.impl.execchain.MainClientExec.establishRoute(MainClientExec.java:363)
	at org.apache.http.impl.execchain.MainClientExec.execute(MainClientExec.java:219)
	at org.apache.http.impl.execchain.ProtocolExec.execute(ProtocolExec.java:195)
	at org.apache.http.impl.execchain.RetryExec.execute(RetryExec.java:86)
	at org.apache.http.impl.execchain.RedirectExec.execute(RedirectExec.java:108)
	at org.apache.http.impl.client.InternalHttpClient.doExecute(InternalHttpClient.java:186)
	at org.apache.http.impl.client.CloseableHttpClient.execute(CloseableHttpClient.java:72)
	at org.apache.http.impl.client.CloseableHttpClient.execute(CloseableHttpClient.java:57)
	at org.openqa.selenium.remote.internal.ApacheHttpClient.fallBackExecute(ApacheHttpClient.java:142)
	at org.openqa.selenium.remote.internal.ApacheHttpClient.execute(ApacheHttpClient.java:88)
	at org.openqa.selenium.remote.HttpCommandExecutor.execute(HttpCommandExecutor.java:142)
	at io.appium.java_client.remote.AppiumCommandExecutor.execute(AppiumCommandExecutor.java:52)
	... 41 more
Caused by: java.net.ConnectException: Connection refused
	at java.net.PlainSocketImpl.socketConnect(Native Method)
	at java.net.AbstractPlainSocketImpl.doConnect(AbstractPlainSocketImpl.java:350)
	at java.net.AbstractPlainSocketImpl.connectToAddress(AbstractPlainSocketImpl.java:206)
	at java.net.AbstractPlainSocketImpl.connect(AbstractPlainSocketImpl.java:188)
	at java.net.SocksSocketImpl.connect(SocksSocketImpl.java:392)
	at java.net.Socket.connect(Socket.java:589)
	at org.apache.http.conn.socket.PlainConnectionSocketFactory.connectSocket(PlainConnectionSocketFactory.java:72)
	at org.apache.http.impl.conn.HttpClientConnectionOperator.connect(HttpClientConnectionOperator.java:117)
	... 54 more
... Removed 24 stack frames]]>
    </failure>
  </testcase> <!-- Search -->
  <testcase name="MaritialStatus" time="0.005" classname="page.test.SearchTest">
    <failure type="org.openqa.selenium.remote.UnreachableBrowserException" message="Error communicating with the remote browser. It may have died.
Build info: version: &amp;apos;unknown&amp;apos;, revision: &amp;apos;31c43c8&amp;apos;, time: &amp;apos;2016-08-02 21:57:56 -0700&amp;apos;
System info: host: &amp;apos;lp7627.people.local&amp;apos;, ip: &amp;apos;10.10.1.151&amp;apos;, os.name: &amp;apos;Mac OS X&amp;apos;, os.arch: &amp;apos;x86_64&amp;apos;, os.version: &amp;apos;10.12.6&amp;apos;, java.version: &amp;apos;1.8.0_77&amp;apos;
Driver info: driver.version: AppiumDriver
Capabilities [{app=/Users/amaanm/Desktop/ShaadiAutomationScript/apk/shaadi.apk, appPackage=com.shaadi.android, deviceScreenSize=540x960, networkConnectionEnabled=true, warnings={}, databaseEnabled=false, deviceName=T00940XXR1, platform=LINUX, deviceUDID=T00940XXR1, appActivity=com.shaadi.android.ui.splash.SplashScreenActivity, desired={app=/Users/amaanm/Desktop/ShaadiAutomationScript/apk/shaadi.apk, appPackage=com.shaadi.android, appActivity=com.shaadi.android.ui.splash.SplashScreenActivity, appium-version=1.8, platformVersion=5.1, platformName=Android, deviceName=T00940XXR1}, appium-version=1.8, platformVersion=5.1, webStorageEnabled=false, locationContextEnabled=false, takesScreenshot=true, javascriptEnabled=true, deviceModel=MotoE2, platformName=Android, deviceManufacturer=motorola}]
Session ID: 72fea7f0-3606-4923-8327-089fb597d7a0">
      <![CDATA[org.openqa.selenium.remote.UnreachableBrowserException: Error communicating with the remote browser. It may have died.
Build info: version: 'unknown', revision: '31c43c8', time: '2016-08-02 21:57:56 -0700'
System info: host: 'lp7627.people.local', ip: '10.10.1.151', os.name: 'Mac OS X', os.arch: 'x86_64', os.version: '10.12.6', java.version: '1.8.0_77'
Driver info: driver.version: AppiumDriver
Capabilities [{app=/Users/amaanm/Desktop/ShaadiAutomationScript/apk/shaadi.apk, appPackage=com.shaadi.android, deviceScreenSize=540x960, networkConnectionEnabled=true, warnings={}, databaseEnabled=false, deviceName=T00940XXR1, platform=LINUX, deviceUDID=T00940XXR1, appActivity=com.shaadi.android.ui.splash.SplashScreenActivity, desired={app=/Users/amaanm/Desktop/ShaadiAutomationScript/apk/shaadi.apk, appPackage=com.shaadi.android, appActivity=com.shaadi.android.ui.splash.SplashScreenActivity, appium-version=1.8, platformVersion=5.1, platformName=Android, deviceName=T00940XXR1}, appium-version=1.8, platformVersion=5.1, webStorageEnabled=false, locationContextEnabled=false, takesScreenshot=true, javascriptEnabled=true, deviceModel=MotoE2, platformName=Android, deviceManufacturer=motorola}]
Session ID: 72fea7f0-3606-4923-8327-089fb597d7a0
	at org.openqa.selenium.remote.RemoteWebDriver.execute(RemoteWebDriver.java:670)
	at io.appium.java_client.DefaultGenericMobileDriver.execute(DefaultGenericMobileDriver.java:42)
	at io.appium.java_client.AppiumDriver.execute(AppiumDriver.java:1)
	at io.appium.java_client.android.AndroidDriver.execute(AndroidDriver.java:1)
	at org.openqa.selenium.remote.RemoteWebDriver.findElements(RemoteWebDriver.java:402)
	at org.openqa.selenium.remote.RemoteWebDriver.findElementsById(RemoteWebDriver.java:434)
	at io.appium.java_client.DefaultGenericMobileDriver.findElementsById(DefaultGenericMobileDriver.java:57)
	at io.appium.java_client.AppiumDriver.findElementsById(AppiumDriver.java:90)
	at org.openqa.selenium.By$ById.findElements(By.java:210)
	at org.openqa.selenium.remote.RemoteWebDriver.findElements(RemoteWebDriver.java:365)
	at io.appium.java_client.DefaultGenericMobileDriver.findElements(DefaultGenericMobileDriver.java:47)
	at io.appium.java_client.AppiumDriver.findElements(AppiumDriver.java:85)
	at org.openqa.selenium.support.pagefactory.DefaultElementLocator.findElements(DefaultElementLocator.java:85)
	at org.openqa.selenium.support.pagefactory.internal.LocatingElementListHandler.invoke(LocatingElementListHandler.java:36)
	at com.sun.proxy.$Proxy14.size(Unknown Source)
	at page.actions.SearchActions.ClickNeverMarried(SearchActions.java:104)
	at page.test.SearchTest.MaritialStatus(SearchTest.java:21)
Caused by: org.openqa.selenium.WebDriverException: org.apache.http.conn.HttpHostConnectException: Connect to 192.168.192.214:4723 [/192.168.192.214] failed: Connection refused
Build info: version: 'unknown', revision: '31c43c8', time: '2016-08-02 21:57:56 -0700'
System info: host: 'lp7627.people.local', ip: '10.10.1.151', os.name: 'Mac OS X', os.arch: 'x86_64', os.version: '10.12.6', java.version: '1.8.0_77'
Driver info: driver.version: AppiumDriver
	at io.appium.java_client.remote.AppiumCommandExecutor.execute(AppiumCommandExecutor.java:64)
	at org.openqa.selenium.remote.RemoteWebDriver.execute(RemoteWebDriver.java:649)
	... 40 more
Caused by: org.apache.http.conn.HttpHostConnectException: Connect to 192.168.192.214:4723 [/192.168.192.214] failed: Connection refused
	at org.apache.http.impl.conn.HttpClientConnectionOperator.connect(HttpClientConnectionOperator.java:140)
	at org.apache.http.impl.conn.PoolingHttpClientConnectionManager.connect(PoolingHttpClientConnectionManager.java:314)
	at org.apache.http.impl.execchain.MainClientExec.establishRoute(MainClientExec.java:363)
	at org.apache.http.impl.execchain.MainClientExec.execute(MainClientExec.java:219)
	at org.apache.http.impl.execchain.ProtocolExec.execute(ProtocolExec.java:195)
	at org.apache.http.impl.execchain.RetryExec.execute(RetryExec.java:86)
	at org.apache.http.impl.execchain.RedirectExec.execute(RedirectExec.java:108)
	at org.apache.http.impl.client.InternalHttpClient.doExecute(InternalHttpClient.java:186)
	at org.apache.http.impl.client.CloseableHttpClient.execute(CloseableHttpClient.java:72)
	at org.apache.http.impl.client.CloseableHttpClient.execute(CloseableHttpClient.java:57)
	at org.openqa.selenium.remote.internal.ApacheHttpClient.fallBackExecute(ApacheHttpClient.java:142)
	at org.openqa.selenium.remote.internal.ApacheHttpClient.execute(ApacheHttpClient.java:88)
	at org.openqa.selenium.remote.HttpCommandExecutor.execute(HttpCommandExecutor.java:142)
	at io.appium.java_client.remote.AppiumCommandExecutor.execute(AppiumCommandExecutor.java:52)
	... 41 more
Caused by: java.net.ConnectException: Connection refused
	at java.net.PlainSocketImpl.socketConnect(Native Method)
	at java.net.AbstractPlainSocketImpl.doConnect(AbstractPlainSocketImpl.java:350)
	at java.net.AbstractPlainSocketImpl.connectToAddress(AbstractPlainSocketImpl.java:206)
	at java.net.AbstractPlainSocketImpl.connect(AbstractPlainSocketImpl.java:188)
	at java.net.SocksSocketImpl.connect(SocksSocketImpl.java:392)
	at java.net.Socket.connect(Socket.java:589)
	at org.apache.http.conn.socket.PlainConnectionSocketFactory.connectSocket(PlainConnectionSocketFactory.java:72)
	at org.apache.http.impl.conn.HttpClientConnectionOperator.connect(HttpClientConnectionOperator.java:117)
	... 54 more
... Removed 24 stack frames]]>
    </failure>
  </testcase> <!-- MaritialStatus -->
  <testcase name="Religion" time="0.006" classname="page.test.SearchTest">
    <failure type="org.openqa.selenium.remote.UnreachableBrowserException" message="Error communicating with the remote browser. It may have died.
Build info: version: &amp;apos;unknown&amp;apos;, revision: &amp;apos;31c43c8&amp;apos;, time: &amp;apos;2016-08-02 21:57:56 -0700&amp;apos;
System info: host: &amp;apos;lp7627.people.local&amp;apos;, ip: &amp;apos;10.10.1.151&amp;apos;, os.name: &amp;apos;Mac OS X&amp;apos;, os.arch: &amp;apos;x86_64&amp;apos;, os.version: &amp;apos;10.12.6&amp;apos;, java.version: &amp;apos;1.8.0_77&amp;apos;
Driver info: driver.version: AppiumDriver
Capabilities [{app=/Users/amaanm/Desktop/ShaadiAutomationScript/apk/shaadi.apk, appPackage=com.shaadi.android, deviceScreenSize=540x960, networkConnectionEnabled=true, warnings={}, databaseEnabled=false, deviceName=T00940XXR1, platform=LINUX, deviceUDID=T00940XXR1, appActivity=com.shaadi.android.ui.splash.SplashScreenActivity, desired={app=/Users/amaanm/Desktop/ShaadiAutomationScript/apk/shaadi.apk, appPackage=com.shaadi.android, appActivity=com.shaadi.android.ui.splash.SplashScreenActivity, appium-version=1.8, platformVersion=5.1, platformName=Android, deviceName=T00940XXR1}, appium-version=1.8, platformVersion=5.1, webStorageEnabled=false, locationContextEnabled=false, takesScreenshot=true, javascriptEnabled=true, deviceModel=MotoE2, platformName=Android, deviceManufacturer=motorola}]
Session ID: 72fea7f0-3606-4923-8327-089fb597d7a0">
      <![CDATA[org.openqa.selenium.remote.UnreachableBrowserException: Error communicating with the remote browser. It may have died.
Build info: version: 'unknown', revision: '31c43c8', time: '2016-08-02 21:57:56 -0700'
System info: host: 'lp7627.people.local', ip: '10.10.1.151', os.name: 'Mac OS X', os.arch: 'x86_64', os.version: '10.12.6', java.version: '1.8.0_77'
Driver info: driver.version: AppiumDriver
Capabilities [{app=/Users/amaanm/Desktop/ShaadiAutomationScript/apk/shaadi.apk, appPackage=com.shaadi.android, deviceScreenSize=540x960, networkConnectionEnabled=true, warnings={}, databaseEnabled=false, deviceName=T00940XXR1, platform=LINUX, deviceUDID=T00940XXR1, appActivity=com.shaadi.android.ui.splash.SplashScreenActivity, desired={app=/Users/amaanm/Desktop/ShaadiAutomationScript/apk/shaadi.apk, appPackage=com.shaadi.android, appActivity=com.shaadi.android.ui.splash.SplashScreenActivity, appium-version=1.8, platformVersion=5.1, platformName=Android, deviceName=T00940XXR1}, appium-version=1.8, platformVersion=5.1, webStorageEnabled=false, locationContextEnabled=false, takesScreenshot=true, javascriptEnabled=true, deviceModel=MotoE2, platformName=Android, deviceManufacturer=motorola}]
Session ID: 72fea7f0-3606-4923-8327-089fb597d7a0
	at org.openqa.selenium.remote.RemoteWebDriver.execute(RemoteWebDriver.java:670)
	at io.appium.java_client.DefaultGenericMobileDriver.execute(DefaultGenericMobileDriver.java:42)
	at io.appium.java_client.AppiumDriver.execute(AppiumDriver.java:1)
	at io.appium.java_client.android.AndroidDriver.execute(AndroidDriver.java:1)
	at org.openqa.selenium.remote.RemoteWebDriver.findElements(RemoteWebDriver.java:402)
	at org.openqa.selenium.remote.RemoteWebDriver.findElementsById(RemoteWebDriver.java:434)
	at io.appium.java_client.DefaultGenericMobileDriver.findElementsById(DefaultGenericMobileDriver.java:57)
	at io.appium.java_client.AppiumDriver.findElementsById(AppiumDriver.java:90)
	at org.openqa.selenium.By$ById.findElements(By.java:210)
	at org.openqa.selenium.remote.RemoteWebDriver.findElements(RemoteWebDriver.java:365)
	at io.appium.java_client.DefaultGenericMobileDriver.findElements(DefaultGenericMobileDriver.java:47)
	at io.appium.java_client.AppiumDriver.findElements(AppiumDriver.java:85)
	at org.openqa.selenium.support.pagefactory.DefaultElementLocator.findElements(DefaultElementLocator.java:85)
	at org.openqa.selenium.support.pagefactory.internal.LocatingElementListHandler.invoke(LocatingElementListHandler.java:36)
	at com.sun.proxy.$Proxy14.size(Unknown Source)
	at page.actions.SearchActions.ClickHindu(SearchActions.java:129)
	at page.test.SearchTest.Religion(SearchTest.java:30)
Caused by: org.openqa.selenium.WebDriverException: org.apache.http.conn.HttpHostConnectException: Connect to 192.168.192.214:4723 [/192.168.192.214] failed: Connection refused
Build info: version: 'unknown', revision: '31c43c8', time: '2016-08-02 21:57:56 -0700'
System info: host: 'lp7627.people.local', ip: '10.10.1.151', os.name: 'Mac OS X', os.arch: 'x86_64', os.version: '10.12.6', java.version: '1.8.0_77'
Driver info: driver.version: AppiumDriver
	at io.appium.java_client.remote.AppiumCommandExecutor.execute(AppiumCommandExecutor.java:64)
	at org.openqa.selenium.remote.RemoteWebDriver.execute(RemoteWebDriver.java:649)
	... 40 more
Caused by: org.apache.http.conn.HttpHostConnectException: Connect to 192.168.192.214:4723 [/192.168.192.214] failed: Connection refused
	at org.apache.http.impl.conn.HttpClientConnectionOperator.connect(HttpClientConnectionOperator.java:140)
	at org.apache.http.impl.conn.PoolingHttpClientConnectionManager.connect(PoolingHttpClientConnectionManager.java:314)
	at org.apache.http.impl.execchain.MainClientExec.establishRoute(MainClientExec.java:363)
	at org.apache.http.impl.execchain.MainClientExec.execute(MainClientExec.java:219)
	at org.apache.http.impl.execchain.ProtocolExec.execute(ProtocolExec.java:195)
	at org.apache.http.impl.execchain.RetryExec.execute(RetryExec.java:86)
	at org.apache.http.impl.execchain.RedirectExec.execute(RedirectExec.java:108)
	at org.apache.http.impl.client.InternalHttpClient.doExecute(InternalHttpClient.java:186)
	at org.apache.http.impl.client.CloseableHttpClient.execute(CloseableHttpClient.java:72)
	at org.apache.http.impl.client.CloseableHttpClient.execute(CloseableHttpClient.java:57)
	at org.openqa.selenium.remote.internal.ApacheHttpClient.fallBackExecute(ApacheHttpClient.java:142)
	at org.openqa.selenium.remote.internal.ApacheHttpClient.execute(ApacheHttpClient.java:88)
	at org.openqa.selenium.remote.HttpCommandExecutor.execute(HttpCommandExecutor.java:142)
	at io.appium.java_client.remote.AppiumCommandExecutor.execute(AppiumCommandExecutor.java:52)
	... 41 more
Caused by: java.net.ConnectException: Connection refused
	at java.net.PlainSocketImpl.socketConnect(Native Method)
	at java.net.AbstractPlainSocketImpl.doConnect(AbstractPlainSocketImpl.java:350)
	at java.net.AbstractPlainSocketImpl.connectToAddress(AbstractPlainSocketImpl.java:206)
	at java.net.AbstractPlainSocketImpl.connect(AbstractPlainSocketImpl.java:188)
	at java.net.SocksSocketImpl.connect(SocksSocketImpl.java:392)
	at java.net.Socket.connect(Socket.java:589)
	at org.apache.http.conn.socket.PlainConnectionSocketFactory.connectSocket(PlainConnectionSocketFactory.java:72)
	at org.apache.http.impl.conn.HttpClientConnectionOperator.connect(HttpClientConnectionOperator.java:117)
	... 54 more
... Removed 24 stack frames]]>
    </failure>
  </testcase> <!-- Religion -->
  <testcase name="MotherTongue" time="0.008" classname="page.test.SearchTest">
    <failure type="org.openqa.selenium.remote.UnreachableBrowserException" message="Error communicating with the remote browser. It may have died.
Build info: version: &amp;apos;unknown&amp;apos;, revision: &amp;apos;31c43c8&amp;apos;, time: &amp;apos;2016-08-02 21:57:56 -0700&amp;apos;
System info: host: &amp;apos;lp7627.people.local&amp;apos;, ip: &amp;apos;10.10.1.151&amp;apos;, os.name: &amp;apos;Mac OS X&amp;apos;, os.arch: &amp;apos;x86_64&amp;apos;, os.version: &amp;apos;10.12.6&amp;apos;, java.version: &amp;apos;1.8.0_77&amp;apos;
Driver info: driver.version: AppiumDriver
Capabilities [{app=/Users/amaanm/Desktop/ShaadiAutomationScript/apk/shaadi.apk, appPackage=com.shaadi.android, deviceScreenSize=540x960, networkConnectionEnabled=true, warnings={}, databaseEnabled=false, deviceName=T00940XXR1, platform=LINUX, deviceUDID=T00940XXR1, appActivity=com.shaadi.android.ui.splash.SplashScreenActivity, desired={app=/Users/amaanm/Desktop/ShaadiAutomationScript/apk/shaadi.apk, appPackage=com.shaadi.android, appActivity=com.shaadi.android.ui.splash.SplashScreenActivity, appium-version=1.8, platformVersion=5.1, platformName=Android, deviceName=T00940XXR1}, appium-version=1.8, platformVersion=5.1, webStorageEnabled=false, locationContextEnabled=false, takesScreenshot=true, javascriptEnabled=true, deviceModel=MotoE2, platformName=Android, deviceManufacturer=motorola}]
Session ID: 72fea7f0-3606-4923-8327-089fb597d7a0">
      <![CDATA[org.openqa.selenium.remote.UnreachableBrowserException: Error communicating with the remote browser. It may have died.
Build info: version: 'unknown', revision: '31c43c8', time: '2016-08-02 21:57:56 -0700'
System info: host: 'lp7627.people.local', ip: '10.10.1.151', os.name: 'Mac OS X', os.arch: 'x86_64', os.version: '10.12.6', java.version: '1.8.0_77'
Driver info: driver.version: AppiumDriver
Capabilities [{app=/Users/amaanm/Desktop/ShaadiAutomationScript/apk/shaadi.apk, appPackage=com.shaadi.android, deviceScreenSize=540x960, networkConnectionEnabled=true, warnings={}, databaseEnabled=false, deviceName=T00940XXR1, platform=LINUX, deviceUDID=T00940XXR1, appActivity=com.shaadi.android.ui.splash.SplashScreenActivity, desired={app=/Users/amaanm/Desktop/ShaadiAutomationScript/apk/shaadi.apk, appPackage=com.shaadi.android, appActivity=com.shaadi.android.ui.splash.SplashScreenActivity, appium-version=1.8, platformVersion=5.1, platformName=Android, deviceName=T00940XXR1}, appium-version=1.8, platformVersion=5.1, webStorageEnabled=false, locationContextEnabled=false, takesScreenshot=true, javascriptEnabled=true, deviceModel=MotoE2, platformName=Android, deviceManufacturer=motorola}]
Session ID: 72fea7f0-3606-4923-8327-089fb597d7a0
	at org.openqa.selenium.remote.RemoteWebDriver.execute(RemoteWebDriver.java:670)
	at io.appium.java_client.DefaultGenericMobileDriver.execute(DefaultGenericMobileDriver.java:42)
	at io.appium.java_client.AppiumDriver.execute(AppiumDriver.java:1)
	at io.appium.java_client.android.AndroidDriver.execute(AndroidDriver.java:1)
	at org.openqa.selenium.remote.RemoteWebDriver.findElements(RemoteWebDriver.java:402)
	at org.openqa.selenium.remote.RemoteWebDriver.findElementsById(RemoteWebDriver.java:434)
	at io.appium.java_client.DefaultGenericMobileDriver.findElementsById(DefaultGenericMobileDriver.java:57)
	at io.appium.java_client.AppiumDriver.findElementsById(AppiumDriver.java:90)
	at org.openqa.selenium.By$ById.findElements(By.java:210)
	at org.openqa.selenium.remote.RemoteWebDriver.findElements(RemoteWebDriver.java:365)
	at io.appium.java_client.DefaultGenericMobileDriver.findElements(DefaultGenericMobileDriver.java:47)
	at io.appium.java_client.AppiumDriver.findElements(AppiumDriver.java:85)
	at org.openqa.selenium.support.pagefactory.DefaultElementLocator.findElements(DefaultElementLocator.java:85)
	at org.openqa.selenium.support.pagefactory.internal.LocatingElementListHandler.invoke(LocatingElementListHandler.java:36)
	at com.sun.proxy.$Proxy14.size(Unknown Source)
	at page.actions.SearchActions.ClickHindu_MotherTongue(SearchActions.java:154)
	at page.test.SearchTest.MotherTongue(SearchTest.java:38)
Caused by: org.openqa.selenium.WebDriverException: org.apache.http.conn.HttpHostConnectException: Connect to 192.168.192.214:4723 [/192.168.192.214] failed: Connection refused
Build info: version: 'unknown', revision: '31c43c8', time: '2016-08-02 21:57:56 -0700'
System info: host: 'lp7627.people.local', ip: '10.10.1.151', os.name: 'Mac OS X', os.arch: 'x86_64', os.version: '10.12.6', java.version: '1.8.0_77'
Driver info: driver.version: AppiumDriver
	at io.appium.java_client.remote.AppiumCommandExecutor.execute(AppiumCommandExecutor.java:64)
	at org.openqa.selenium.remote.RemoteWebDriver.execute(RemoteWebDriver.java:649)
	... 40 more
Caused by: org.apache.http.conn.HttpHostConnectException: Connect to 192.168.192.214:4723 [/192.168.192.214] failed: Connection refused
	at org.apache.http.impl.conn.HttpClientConnectionOperator.connect(HttpClientConnectionOperator.java:140)
	at org.apache.http.impl.conn.PoolingHttpClientConnectionManager.connect(PoolingHttpClientConnectionManager.java:314)
	at org.apache.http.impl.execchain.MainClientExec.establishRoute(MainClientExec.java:363)
	at org.apache.http.impl.execchain.MainClientExec.execute(MainClientExec.java:219)
	at org.apache.http.impl.execchain.ProtocolExec.execute(ProtocolExec.java:195)
	at org.apache.http.impl.execchain.RetryExec.execute(RetryExec.java:86)
	at org.apache.http.impl.execchain.RedirectExec.execute(RedirectExec.java:108)
	at org.apache.http.impl.client.InternalHttpClient.doExecute(InternalHttpClient.java:186)
	at org.apache.http.impl.client.CloseableHttpClient.execute(CloseableHttpClient.java:72)
	at org.apache.http.impl.client.CloseableHttpClient.execute(CloseableHttpClient.java:57)
	at org.openqa.selenium.remote.internal.ApacheHttpClient.fallBackExecute(ApacheHttpClient.java:142)
	at org.openqa.selenium.remote.internal.ApacheHttpClient.execute(ApacheHttpClient.java:88)
	at org.openqa.selenium.remote.HttpCommandExecutor.execute(HttpCommandExecutor.java:142)
	at io.appium.java_client.remote.AppiumCommandExecutor.execute(AppiumCommandExecutor.java:52)
	... 41 more
Caused by: java.net.ConnectException: Connection refused
	at java.net.PlainSocketImpl.socketConnect(Native Method)
	at java.net.AbstractPlainSocketImpl.doConnect(AbstractPlainSocketImpl.java:350)
	at java.net.AbstractPlainSocketImpl.connectToAddress(AbstractPlainSocketImpl.java:206)
	at java.net.AbstractPlainSocketImpl.connect(AbstractPlainSocketImpl.java:188)
	at java.net.SocksSocketImpl.connect(SocksSocketImpl.java:392)
	at java.net.Socket.connect(Socket.java:589)
	at org.apache.http.conn.socket.PlainConnectionSocketFactory.connectSocket(PlainConnectionSocketFactory.java:72)
	at org.apache.http.impl.conn.HttpClientConnectionOperator.connect(HttpClientConnectionOperator.java:117)
	... 54 more
... Removed 24 stack frames]]>
    </failure>
  </testcase> <!-- MotherTongue -->
  <testcase name="Community" time="0.004" classname="page.test.SearchTest">
    <failure type="org.openqa.selenium.remote.UnreachableBrowserException" message="Error communicating with the remote browser. It may have died.
Build info: version: &amp;apos;unknown&amp;apos;, revision: &amp;apos;31c43c8&amp;apos;, time: &amp;apos;2016-08-02 21:57:56 -0700&amp;apos;
System info: host: &amp;apos;lp7627.people.local&amp;apos;, ip: &amp;apos;10.10.1.151&amp;apos;, os.name: &amp;apos;Mac OS X&amp;apos;, os.arch: &amp;apos;x86_64&amp;apos;, os.version: &amp;apos;10.12.6&amp;apos;, java.version: &amp;apos;1.8.0_77&amp;apos;
Driver info: driver.version: AppiumDriver
Capabilities [{app=/Users/amaanm/Desktop/ShaadiAutomationScript/apk/shaadi.apk, appPackage=com.shaadi.android, deviceScreenSize=540x960, networkConnectionEnabled=true, warnings={}, databaseEnabled=false, deviceName=T00940XXR1, platform=LINUX, deviceUDID=T00940XXR1, appActivity=com.shaadi.android.ui.splash.SplashScreenActivity, desired={app=/Users/amaanm/Desktop/ShaadiAutomationScript/apk/shaadi.apk, appPackage=com.shaadi.android, appActivity=com.shaadi.android.ui.splash.SplashScreenActivity, appium-version=1.8, platformVersion=5.1, platformName=Android, deviceName=T00940XXR1}, appium-version=1.8, platformVersion=5.1, webStorageEnabled=false, locationContextEnabled=false, takesScreenshot=true, javascriptEnabled=true, deviceModel=MotoE2, platformName=Android, deviceManufacturer=motorola}]
Session ID: 72fea7f0-3606-4923-8327-089fb597d7a0">
      <![CDATA[org.openqa.selenium.remote.UnreachableBrowserException: Error communicating with the remote browser. It may have died.
Build info: version: 'unknown', revision: '31c43c8', time: '2016-08-02 21:57:56 -0700'
System info: host: 'lp7627.people.local', ip: '10.10.1.151', os.name: 'Mac OS X', os.arch: 'x86_64', os.version: '10.12.6', java.version: '1.8.0_77'
Driver info: driver.version: AppiumDriver
Capabilities [{app=/Users/amaanm/Desktop/ShaadiAutomationScript/apk/shaadi.apk, appPackage=com.shaadi.android, deviceScreenSize=540x960, networkConnectionEnabled=true, warnings={}, databaseEnabled=false, deviceName=T00940XXR1, platform=LINUX, deviceUDID=T00940XXR1, appActivity=com.shaadi.android.ui.splash.SplashScreenActivity, desired={app=/Users/amaanm/Desktop/ShaadiAutomationScript/apk/shaadi.apk, appPackage=com.shaadi.android, appActivity=com.shaadi.android.ui.splash.SplashScreenActivity, appium-version=1.8, platformVersion=5.1, platformName=Android, deviceName=T00940XXR1}, appium-version=1.8, platformVersion=5.1, webStorageEnabled=false, locationContextEnabled=false, takesScreenshot=true, javascriptEnabled=true, deviceModel=MotoE2, platformName=Android, deviceManufacturer=motorola}]
Session ID: 72fea7f0-3606-4923-8327-089fb597d7a0
	at org.openqa.selenium.remote.RemoteWebDriver.execute(RemoteWebDriver.java:670)
	at io.appium.java_client.DefaultGenericMobileDriver.execute(DefaultGenericMobileDriver.java:42)
	at io.appium.java_client.AppiumDriver.execute(AppiumDriver.java:1)
	at io.appium.java_client.android.AndroidDriver.execute(AndroidDriver.java:1)
	at org.openqa.selenium.remote.RemoteWebDriver.findElements(RemoteWebDriver.java:402)
	at org.openqa.selenium.remote.RemoteWebDriver.findElementsById(RemoteWebDriver.java:434)
	at io.appium.java_client.DefaultGenericMobileDriver.findElementsById(DefaultGenericMobileDriver.java:57)
	at io.appium.java_client.AppiumDriver.findElementsById(AppiumDriver.java:90)
	at org.openqa.selenium.By$ById.findElements(By.java:210)
	at org.openqa.selenium.remote.RemoteWebDriver.findElements(RemoteWebDriver.java:365)
	at io.appium.java_client.DefaultGenericMobileDriver.findElements(DefaultGenericMobileDriver.java:47)
	at io.appium.java_client.AppiumDriver.findElements(AppiumDriver.java:85)
	at org.openqa.selenium.support.pagefactory.DefaultElementLocator.findElements(DefaultElementLocator.java:85)
	at org.openqa.selenium.support.pagefactory.internal.LocatingElementListHandler.invoke(LocatingElementListHandler.java:36)
	at com.sun.proxy.$Proxy14.size(Unknown Source)
	at page.actions.SearchActions.ClickCommunityData(SearchActions.java:180)
	at page.test.SearchTest.Community(SearchTest.java:47)
Caused by: org.openqa.selenium.WebDriverException: org.apache.http.conn.HttpHostConnectException: Connect to 192.168.192.214:4723 [/192.168.192.214] failed: Connection refused
Build info: version: 'unknown', revision: '31c43c8', time: '2016-08-02 21:57:56 -0700'
System info: host: 'lp7627.people.local', ip: '10.10.1.151', os.name: 'Mac OS X', os.arch: 'x86_64', os.version: '10.12.6', java.version: '1.8.0_77'
Driver info: driver.version: AppiumDriver
	at io.appium.java_client.remote.AppiumCommandExecutor.execute(AppiumCommandExecutor.java:64)
	at org.openqa.selenium.remote.RemoteWebDriver.execute(RemoteWebDriver.java:649)
	... 40 more
Caused by: org.apache.http.conn.HttpHostConnectException: Connect to 192.168.192.214:4723 [/192.168.192.214] failed: Connection refused
	at org.apache.http.impl.conn.HttpClientConnectionOperator.connect(HttpClientConnectionOperator.java:140)
	at org.apache.http.impl.conn.PoolingHttpClientConnectionManager.connect(PoolingHttpClientConnectionManager.java:314)
	at org.apache.http.impl.execchain.MainClientExec.establishRoute(MainClientExec.java:363)
	at org.apache.http.impl.execchain.MainClientExec.execute(MainClientExec.java:219)
	at org.apache.http.impl.execchain.ProtocolExec.execute(ProtocolExec.java:195)
	at org.apache.http.impl.execchain.RetryExec.execute(RetryExec.java:86)
	at org.apache.http.impl.execchain.RedirectExec.execute(RedirectExec.java:108)
	at org.apache.http.impl.client.InternalHttpClient.doExecute(InternalHttpClient.java:186)
	at org.apache.http.impl.client.CloseableHttpClient.execute(CloseableHttpClient.java:72)
	at org.apache.http.impl.client.CloseableHttpClient.execute(CloseableHttpClient.java:57)
	at org.openqa.selenium.remote.internal.ApacheHttpClient.fallBackExecute(ApacheHttpClient.java:142)
	at org.openqa.selenium.remote.internal.ApacheHttpClient.execute(ApacheHttpClient.java:88)
	at org.openqa.selenium.remote.HttpCommandExecutor.execute(HttpCommandExecutor.java:142)
	at io.appium.java_client.remote.AppiumCommandExecutor.execute(AppiumCommandExecutor.java:52)
	... 41 more
Caused by: java.net.ConnectException: Connection refused
	at java.net.PlainSocketImpl.socketConnect(Native Method)
	at java.net.AbstractPlainSocketImpl.doConnect(AbstractPlainSocketImpl.java:350)
	at java.net.AbstractPlainSocketImpl.connectToAddress(AbstractPlainSocketImpl.java:206)
	at java.net.AbstractPlainSocketImpl.connect(AbstractPlainSocketImpl.java:188)
	at java.net.SocksSocketImpl.connect(SocksSocketImpl.java:392)
	at java.net.Socket.connect(Socket.java:589)
	at org.apache.http.conn.socket.PlainConnectionSocketFactory.connectSocket(PlainConnectionSocketFactory.java:72)
	at org.apache.http.impl.conn.HttpClientConnectionOperator.connect(HttpClientConnectionOperator.java:117)
	... 54 more
... Removed 24 stack frames]]>
    </failure>
  </testcase> <!-- Community -->
  <testcase name="Country" time="0.006" classname="page.test.SearchTest">
    <failure type="org.openqa.selenium.remote.UnreachableBrowserException" message="Error communicating with the remote browser. It may have died.
Build info: version: &amp;apos;unknown&amp;apos;, revision: &amp;apos;31c43c8&amp;apos;, time: &amp;apos;2016-08-02 21:57:56 -0700&amp;apos;
System info: host: &amp;apos;lp7627.people.local&amp;apos;, ip: &amp;apos;10.10.1.151&amp;apos;, os.name: &amp;apos;Mac OS X&amp;apos;, os.arch: &amp;apos;x86_64&amp;apos;, os.version: &amp;apos;10.12.6&amp;apos;, java.version: &amp;apos;1.8.0_77&amp;apos;
Driver info: driver.version: AppiumDriver
Capabilities [{app=/Users/amaanm/Desktop/ShaadiAutomationScript/apk/shaadi.apk, appPackage=com.shaadi.android, deviceScreenSize=540x960, networkConnectionEnabled=true, warnings={}, databaseEnabled=false, deviceName=T00940XXR1, platform=LINUX, deviceUDID=T00940XXR1, appActivity=com.shaadi.android.ui.splash.SplashScreenActivity, desired={app=/Users/amaanm/Desktop/ShaadiAutomationScript/apk/shaadi.apk, appPackage=com.shaadi.android, appActivity=com.shaadi.android.ui.splash.SplashScreenActivity, appium-version=1.8, platformVersion=5.1, platformName=Android, deviceName=T00940XXR1}, appium-version=1.8, platformVersion=5.1, webStorageEnabled=false, locationContextEnabled=false, takesScreenshot=true, javascriptEnabled=true, deviceModel=MotoE2, platformName=Android, deviceManufacturer=motorola}]
Session ID: 72fea7f0-3606-4923-8327-089fb597d7a0">
      <![CDATA[org.openqa.selenium.remote.UnreachableBrowserException: Error communicating with the remote browser. It may have died.
Build info: version: 'unknown', revision: '31c43c8', time: '2016-08-02 21:57:56 -0700'
System info: host: 'lp7627.people.local', ip: '10.10.1.151', os.name: 'Mac OS X', os.arch: 'x86_64', os.version: '10.12.6', java.version: '1.8.0_77'
Driver info: driver.version: AppiumDriver
Capabilities [{app=/Users/amaanm/Desktop/ShaadiAutomationScript/apk/shaadi.apk, appPackage=com.shaadi.android, deviceScreenSize=540x960, networkConnectionEnabled=true, warnings={}, databaseEnabled=false, deviceName=T00940XXR1, platform=LINUX, deviceUDID=T00940XXR1, appActivity=com.shaadi.android.ui.splash.SplashScreenActivity, desired={app=/Users/amaanm/Desktop/ShaadiAutomationScript/apk/shaadi.apk, appPackage=com.shaadi.android, appActivity=com.shaadi.android.ui.splash.SplashScreenActivity, appium-version=1.8, platformVersion=5.1, platformName=Android, deviceName=T00940XXR1}, appium-version=1.8, platformVersion=5.1, webStorageEnabled=false, locationContextEnabled=false, takesScreenshot=true, javascriptEnabled=true, deviceModel=MotoE2, platformName=Android, deviceManufacturer=motorola}]
Session ID: 72fea7f0-3606-4923-8327-089fb597d7a0
	at org.openqa.selenium.remote.RemoteWebDriver.execute(RemoteWebDriver.java:670)
	at io.appium.java_client.DefaultGenericMobileDriver.execute(DefaultGenericMobileDriver.java:42)
	at io.appium.java_client.AppiumDriver.execute(AppiumDriver.java:1)
	at io.appium.java_client.android.AndroidDriver.execute(AndroidDriver.java:1)
	at org.openqa.selenium.remote.RemoteWebDriver.findElements(RemoteWebDriver.java:402)
	at org.openqa.selenium.remote.RemoteWebDriver.findElementsById(RemoteWebDriver.java:434)
	at io.appium.java_client.DefaultGenericMobileDriver.findElementsById(DefaultGenericMobileDriver.java:57)
	at io.appium.java_client.AppiumDriver.findElementsById(AppiumDriver.java:90)
	at org.openqa.selenium.By$ById.findElements(By.java:210)
	at org.openqa.selenium.remote.RemoteWebDriver.findElements(RemoteWebDriver.java:365)
	at io.appium.java_client.DefaultGenericMobileDriver.findElements(DefaultGenericMobileDriver.java:47)
	at io.appium.java_client.AppiumDriver.findElements(AppiumDriver.java:85)
	at org.openqa.selenium.support.pagefactory.DefaultElementLocator.findElements(DefaultElementLocator.java:85)
	at org.openqa.selenium.support.pagefactory.internal.LocatingElementListHandler.invoke(LocatingElementListHandler.java:36)
	at com.sun.proxy.$Proxy14.size(Unknown Source)
	at page.actions.SearchActions.ClickCountryData(SearchActions.java:207)
	at page.test.SearchTest.Country(SearchTest.java:55)
Caused by: org.openqa.selenium.WebDriverException: org.apache.http.conn.HttpHostConnectException: Connect to 192.168.192.214:4723 [/192.168.192.214] failed: Connection refused
Build info: version: 'unknown', revision: '31c43c8', time: '2016-08-02 21:57:56 -0700'
System info: host: 'lp7627.people.local', ip: '10.10.1.151', os.name: 'Mac OS X', os.arch: 'x86_64', os.version: '10.12.6', java.version: '1.8.0_77'
Driver info: driver.version: AppiumDriver
	at io.appium.java_client.remote.AppiumCommandExecutor.execute(AppiumCommandExecutor.java:64)
	at org.openqa.selenium.remote.RemoteWebDriver.execute(RemoteWebDriver.java:649)
	... 40 more
Caused by: org.apache.http.conn.HttpHostConnectException: Connect to 192.168.192.214:4723 [/192.168.192.214] failed: Connection refused
	at org.apache.http.impl.conn.HttpClientConnectionOperator.connect(HttpClientConnectionOperator.java:140)
	at org.apache.http.impl.conn.PoolingHttpClientConnectionManager.connect(PoolingHttpClientConnectionManager.java:314)
	at org.apache.http.impl.execchain.MainClientExec.establishRoute(MainClientExec.java:363)
	at org.apache.http.impl.execchain.MainClientExec.execute(MainClientExec.java:219)
	at org.apache.http.impl.execchain.ProtocolExec.execute(ProtocolExec.java:195)
	at org.apache.http.impl.execchain.RetryExec.execute(RetryExec.java:86)
	at org.apache.http.impl.execchain.RedirectExec.execute(RedirectExec.java:108)
	at org.apache.http.impl.client.InternalHttpClient.doExecute(InternalHttpClient.java:186)
	at org.apache.http.impl.client.CloseableHttpClient.execute(CloseableHttpClient.java:72)
	at org.apache.http.impl.client.CloseableHttpClient.execute(CloseableHttpClient.java:57)
	at org.openqa.selenium.remote.internal.ApacheHttpClient.fallBackExecute(ApacheHttpClient.java:142)
	at org.openqa.selenium.remote.internal.ApacheHttpClient.execute(ApacheHttpClient.java:88)
	at org.openqa.selenium.remote.HttpCommandExecutor.execute(HttpCommandExecutor.java:142)
	at io.appium.java_client.remote.AppiumCommandExecutor.execute(AppiumCommandExecutor.java:52)
	... 41 more
Caused by: java.net.ConnectException: Connection refused
	at java.net.PlainSocketImpl.socketConnect(Native Method)
	at java.net.AbstractPlainSocketImpl.doConnect(AbstractPlainSocketImpl.java:350)
	at java.net.AbstractPlainSocketImpl.connectToAddress(AbstractPlainSocketImpl.java:206)
	at java.net.AbstractPlainSocketImpl.connect(AbstractPlainSocketImpl.java:188)
	at java.net.SocksSocketImpl.connect(SocksSocketImpl.java:392)
	at java.net.Socket.connect(Socket.java:589)
	at org.apache.http.conn.socket.PlainConnectionSocketFactory.connectSocket(PlainConnectionSocketFactory.java:72)
	at org.apache.http.impl.conn.HttpClientConnectionOperator.connect(HttpClientConnectionOperator.java:117)
	... 54 more
... Removed 24 stack frames]]>
    </failure>
  </testcase> <!-- Country -->
  <testcase name="Manglik" time="0.006" classname="page.test.SearchTest">
    <failure type="org.openqa.selenium.remote.UnreachableBrowserException" message="Error communicating with the remote browser. It may have died.
Build info: version: &amp;apos;unknown&amp;apos;, revision: &amp;apos;31c43c8&amp;apos;, time: &amp;apos;2016-08-02 21:57:56 -0700&amp;apos;
System info: host: &amp;apos;lp7627.people.local&amp;apos;, ip: &amp;apos;10.10.1.151&amp;apos;, os.name: &amp;apos;Mac OS X&amp;apos;, os.arch: &amp;apos;x86_64&amp;apos;, os.version: &amp;apos;10.12.6&amp;apos;, java.version: &amp;apos;1.8.0_77&amp;apos;
Driver info: driver.version: AppiumDriver
Capabilities [{app=/Users/amaanm/Desktop/ShaadiAutomationScript/apk/shaadi.apk, appPackage=com.shaadi.android, deviceScreenSize=540x960, networkConnectionEnabled=true, warnings={}, databaseEnabled=false, deviceName=T00940XXR1, platform=LINUX, deviceUDID=T00940XXR1, appActivity=com.shaadi.android.ui.splash.SplashScreenActivity, desired={app=/Users/amaanm/Desktop/ShaadiAutomationScript/apk/shaadi.apk, appPackage=com.shaadi.android, appActivity=com.shaadi.android.ui.splash.SplashScreenActivity, appium-version=1.8, platformVersion=5.1, platformName=Android, deviceName=T00940XXR1}, appium-version=1.8, platformVersion=5.1, webStorageEnabled=false, locationContextEnabled=false, takesScreenshot=true, javascriptEnabled=true, deviceModel=MotoE2, platformName=Android, deviceManufacturer=motorola}]
Session ID: 72fea7f0-3606-4923-8327-089fb597d7a0">
      <![CDATA[org.openqa.selenium.remote.UnreachableBrowserException: Error communicating with the remote browser. It may have died.
Build info: version: 'unknown', revision: '31c43c8', time: '2016-08-02 21:57:56 -0700'
System info: host: 'lp7627.people.local', ip: '10.10.1.151', os.name: 'Mac OS X', os.arch: 'x86_64', os.version: '10.12.6', java.version: '1.8.0_77'
Driver info: driver.version: AppiumDriver
Capabilities [{app=/Users/amaanm/Desktop/ShaadiAutomationScript/apk/shaadi.apk, appPackage=com.shaadi.android, deviceScreenSize=540x960, networkConnectionEnabled=true, warnings={}, databaseEnabled=false, deviceName=T00940XXR1, platform=LINUX, deviceUDID=T00940XXR1, appActivity=com.shaadi.android.ui.splash.SplashScreenActivity, desired={app=/Users/amaanm/Desktop/ShaadiAutomationScript/apk/shaadi.apk, appPackage=com.shaadi.android, appActivity=com.shaadi.android.ui.splash.SplashScreenActivity, appium-version=1.8, platformVersion=5.1, platformName=Android, deviceName=T00940XXR1}, appium-version=1.8, platformVersion=5.1, webStorageEnabled=false, locationContextEnabled=false, takesScreenshot=true, javascriptEnabled=true, deviceModel=MotoE2, platformName=Android, deviceManufacturer=motorola}]
Session ID: 72fea7f0-3606-4923-8327-089fb597d7a0
	at org.openqa.selenium.remote.RemoteWebDriver.execute(RemoteWebDriver.java:670)
	at io.appium.java_client.DefaultGenericMobileDriver.execute(DefaultGenericMobileDriver.java:42)
	at io.appium.java_client.AppiumDriver.execute(AppiumDriver.java:1)
	at io.appium.java_client.android.AndroidDriver.execute(AndroidDriver.java:1)
	at org.openqa.selenium.remote.RemoteWebDriver.findElements(RemoteWebDriver.java:402)
	at org.openqa.selenium.remote.RemoteWebDriver.findElementsById(RemoteWebDriver.java:434)
	at io.appium.java_client.DefaultGenericMobileDriver.findElementsById(DefaultGenericMobileDriver.java:57)
	at io.appium.java_client.AppiumDriver.findElementsById(AppiumDriver.java:90)
	at org.openqa.selenium.By$ById.findElements(By.java:210)
	at org.openqa.selenium.remote.RemoteWebDriver.findElements(RemoteWebDriver.java:365)
	at io.appium.java_client.DefaultGenericMobileDriver.findElements(DefaultGenericMobileDriver.java:47)
	at io.appium.java_client.AppiumDriver.findElements(AppiumDriver.java:85)
	at org.openqa.selenium.support.pagefactory.DefaultElementLocator.findElements(DefaultElementLocator.java:85)
	at org.openqa.selenium.support.pagefactory.internal.LocatingElementListHandler.invoke(LocatingElementListHandler.java:36)
	at com.sun.proxy.$Proxy14.size(Unknown Source)
	at page.actions.SearchActions.ClickManglikData(SearchActions.java:260)
	at page.test.SearchTest.Manglik(SearchTest.java:73)
Caused by: org.openqa.selenium.WebDriverException: org.apache.http.conn.HttpHostConnectException: Connect to 192.168.192.214:4723 [/192.168.192.214] failed: Connection refused
Build info: version: 'unknown', revision: '31c43c8', time: '2016-08-02 21:57:56 -0700'
System info: host: 'lp7627.people.local', ip: '10.10.1.151', os.name: 'Mac OS X', os.arch: 'x86_64', os.version: '10.12.6', java.version: '1.8.0_77'
Driver info: driver.version: AppiumDriver
	at io.appium.java_client.remote.AppiumCommandExecutor.execute(AppiumCommandExecutor.java:64)
	at org.openqa.selenium.remote.RemoteWebDriver.execute(RemoteWebDriver.java:649)
	... 40 more
Caused by: org.apache.http.conn.HttpHostConnectException: Connect to 192.168.192.214:4723 [/192.168.192.214] failed: Connection refused
	at org.apache.http.impl.conn.HttpClientConnectionOperator.connect(HttpClientConnectionOperator.java:140)
	at org.apache.http.impl.conn.PoolingHttpClientConnectionManager.connect(PoolingHttpClientConnectionManager.java:314)
	at org.apache.http.impl.execchain.MainClientExec.establishRoute(MainClientExec.java:363)
	at org.apache.http.impl.execchain.MainClientExec.execute(MainClientExec.java:219)
	at org.apache.http.impl.execchain.ProtocolExec.execute(ProtocolExec.java:195)
	at org.apache.http.impl.execchain.RetryExec.execute(RetryExec.java:86)
	at org.apache.http.impl.execchain.RedirectExec.execute(RedirectExec.java:108)
	at org.apache.http.impl.client.InternalHttpClient.doExecute(InternalHttpClient.java:186)
	at org.apache.http.impl.client.CloseableHttpClient.execute(CloseableHttpClient.java:72)
	at org.apache.http.impl.client.CloseableHttpClient.execute(CloseableHttpClient.java:57)
	at org.openqa.selenium.remote.internal.ApacheHttpClient.fallBackExecute(ApacheHttpClient.java:142)
	at org.openqa.selenium.remote.internal.ApacheHttpClient.execute(ApacheHttpClient.java:88)
	at org.openqa.selenium.remote.HttpCommandExecutor.execute(HttpCommandExecutor.java:142)
	at io.appium.java_client.remote.AppiumCommandExecutor.execute(AppiumCommandExecutor.java:52)
	... 41 more
Caused by: java.net.ConnectException: Connection refused
	at java.net.PlainSocketImpl.socketConnect(Native Method)
	at java.net.AbstractPlainSocketImpl.doConnect(AbstractPlainSocketImpl.java:350)
	at java.net.AbstractPlainSocketImpl.connectToAddress(AbstractPlainSocketImpl.java:206)
	at java.net.AbstractPlainSocketImpl.connect(AbstractPlainSocketImpl.java:188)
	at java.net.SocksSocketImpl.connect(SocksSocketImpl.java:392)
	at java.net.Socket.connect(Socket.java:589)
	at org.apache.http.conn.socket.PlainConnectionSocketFactory.connectSocket(PlainConnectionSocketFactory.java:72)
	at org.apache.http.impl.conn.HttpClientConnectionOperator.connect(HttpClientConnectionOperator.java:117)
	... 54 more
... Removed 24 stack frames]]>
    </failure>
  </testcase> <!-- Manglik -->
  <testcase name="State" time="0.008" classname="page.test.SearchTest">
    <failure type="org.openqa.selenium.remote.UnreachableBrowserException" message="Error communicating with the remote browser. It may have died.
Build info: version: &amp;apos;unknown&amp;apos;, revision: &amp;apos;31c43c8&amp;apos;, time: &amp;apos;2016-08-02 21:57:56 -0700&amp;apos;
System info: host: &amp;apos;lp7627.people.local&amp;apos;, ip: &amp;apos;10.10.1.151&amp;apos;, os.name: &amp;apos;Mac OS X&amp;apos;, os.arch: &amp;apos;x86_64&amp;apos;, os.version: &amp;apos;10.12.6&amp;apos;, java.version: &amp;apos;1.8.0_77&amp;apos;
Driver info: driver.version: AppiumDriver
Capabilities [{app=/Users/amaanm/Desktop/ShaadiAutomationScript/apk/shaadi.apk, appPackage=com.shaadi.android, deviceScreenSize=540x960, networkConnectionEnabled=true, warnings={}, databaseEnabled=false, deviceName=T00940XXR1, platform=LINUX, deviceUDID=T00940XXR1, appActivity=com.shaadi.android.ui.splash.SplashScreenActivity, desired={app=/Users/amaanm/Desktop/ShaadiAutomationScript/apk/shaadi.apk, appPackage=com.shaadi.android, appActivity=com.shaadi.android.ui.splash.SplashScreenActivity, appium-version=1.8, platformVersion=5.1, platformName=Android, deviceName=T00940XXR1}, appium-version=1.8, platformVersion=5.1, webStorageEnabled=false, locationContextEnabled=false, takesScreenshot=true, javascriptEnabled=true, deviceModel=MotoE2, platformName=Android, deviceManufacturer=motorola}]
Session ID: 72fea7f0-3606-4923-8327-089fb597d7a0">
      <![CDATA[org.openqa.selenium.remote.UnreachableBrowserException: Error communicating with the remote browser. It may have died.
Build info: version: 'unknown', revision: '31c43c8', time: '2016-08-02 21:57:56 -0700'
System info: host: 'lp7627.people.local', ip: '10.10.1.151', os.name: 'Mac OS X', os.arch: 'x86_64', os.version: '10.12.6', java.version: '1.8.0_77'
Driver info: driver.version: AppiumDriver
Capabilities [{app=/Users/amaanm/Desktop/ShaadiAutomationScript/apk/shaadi.apk, appPackage=com.shaadi.android, deviceScreenSize=540x960, networkConnectionEnabled=true, warnings={}, databaseEnabled=false, deviceName=T00940XXR1, platform=LINUX, deviceUDID=T00940XXR1, appActivity=com.shaadi.android.ui.splash.SplashScreenActivity, desired={app=/Users/amaanm/Desktop/ShaadiAutomationScript/apk/shaadi.apk, appPackage=com.shaadi.android, appActivity=com.shaadi.android.ui.splash.SplashScreenActivity, appium-version=1.8, platformVersion=5.1, platformName=Android, deviceName=T00940XXR1}, appium-version=1.8, platformVersion=5.1, webStorageEnabled=false, locationContextEnabled=false, takesScreenshot=true, javascriptEnabled=true, deviceModel=MotoE2, platformName=Android, deviceManufacturer=motorola}]
Session ID: 72fea7f0-3606-4923-8327-089fb597d7a0
	at org.openqa.selenium.remote.RemoteWebDriver.execute(RemoteWebDriver.java:670)
	at io.appium.java_client.DefaultGenericMobileDriver.execute(DefaultGenericMobileDriver.java:42)
	at io.appium.java_client.AppiumDriver.execute(AppiumDriver.java:1)
	at io.appium.java_client.android.AndroidDriver.execute(AndroidDriver.java:1)
	at org.openqa.selenium.remote.RemoteWebDriver.findElements(RemoteWebDriver.java:402)
	at org.openqa.selenium.remote.RemoteWebDriver.findElementsById(RemoteWebDriver.java:434)
	at io.appium.java_client.DefaultGenericMobileDriver.findElementsById(DefaultGenericMobileDriver.java:57)
	at io.appium.java_client.AppiumDriver.findElementsById(AppiumDriver.java:90)
	at org.openqa.selenium.By$ById.findElements(By.java:210)
	at org.openqa.selenium.remote.RemoteWebDriver.findElements(RemoteWebDriver.java:365)
	at io.appium.java_client.DefaultGenericMobileDriver.findElements(DefaultGenericMobileDriver.java:47)
	at io.appium.java_client.AppiumDriver.findElements(AppiumDriver.java:85)
	at org.openqa.selenium.support.pagefactory.DefaultElementLocator.findElements(DefaultElementLocator.java:85)
	at org.openqa.selenium.support.pagefactory.internal.LocatingElementListHandler.invoke(LocatingElementListHandler.java:36)
	at com.sun.proxy.$Proxy14.size(Unknown Source)
	at page.actions.SearchActions.ClickStateData(SearchActions.java:233)
	at page.test.SearchTest.State(SearchTest.java:64)
Caused by: org.openqa.selenium.WebDriverException: org.apache.http.conn.HttpHostConnectException: Connect to 192.168.192.214:4723 [/192.168.192.214] failed: Connection refused
Build info: version: 'unknown', revision: '31c43c8', time: '2016-08-02 21:57:56 -0700'
System info: host: 'lp7627.people.local', ip: '10.10.1.151', os.name: 'Mac OS X', os.arch: 'x86_64', os.version: '10.12.6', java.version: '1.8.0_77'
Driver info: driver.version: AppiumDriver
	at io.appium.java_client.remote.AppiumCommandExecutor.execute(AppiumCommandExecutor.java:64)
	at org.openqa.selenium.remote.RemoteWebDriver.execute(RemoteWebDriver.java:649)
	... 40 more
Caused by: org.apache.http.conn.HttpHostConnectException: Connect to 192.168.192.214:4723 [/192.168.192.214] failed: Connection refused
	at org.apache.http.impl.conn.HttpClientConnectionOperator.connect(HttpClientConnectionOperator.java:140)
	at org.apache.http.impl.conn.PoolingHttpClientConnectionManager.connect(PoolingHttpClientConnectionManager.java:314)
	at org.apache.http.impl.execchain.MainClientExec.establishRoute(MainClientExec.java:363)
	at org.apache.http.impl.execchain.MainClientExec.execute(MainClientExec.java:219)
	at org.apache.http.impl.execchain.ProtocolExec.execute(ProtocolExec.java:195)
	at org.apache.http.impl.execchain.RetryExec.execute(RetryExec.java:86)
	at org.apache.http.impl.execchain.RedirectExec.execute(RedirectExec.java:108)
	at org.apache.http.impl.client.InternalHttpClient.doExecute(InternalHttpClient.java:186)
	at org.apache.http.impl.client.CloseableHttpClient.execute(CloseableHttpClient.java:72)
	at org.apache.http.impl.client.CloseableHttpClient.execute(CloseableHttpClient.java:57)
	at org.openqa.selenium.remote.internal.ApacheHttpClient.fallBackExecute(ApacheHttpClient.java:142)
	at org.openqa.selenium.remote.internal.ApacheHttpClient.execute(ApacheHttpClient.java:88)
	at org.openqa.selenium.remote.HttpCommandExecutor.execute(HttpCommandExecutor.java:142)
	at io.appium.java_client.remote.AppiumCommandExecutor.execute(AppiumCommandExecutor.java:52)
	... 41 more
Caused by: java.net.ConnectException: Connection refused
	at java.net.PlainSocketImpl.socketConnect(Native Method)
	at java.net.AbstractPlainSocketImpl.doConnect(AbstractPlainSocketImpl.java:350)
	at java.net.AbstractPlainSocketImpl.connectToAddress(AbstractPlainSocketImpl.java:206)
	at java.net.AbstractPlainSocketImpl.connect(AbstractPlainSocketImpl.java:188)
	at java.net.SocksSocketImpl.connect(SocksSocketImpl.java:392)
	at java.net.Socket.connect(Socket.java:589)
	at org.apache.http.conn.socket.PlainConnectionSocketFactory.connectSocket(PlainConnectionSocketFactory.java:72)
	at org.apache.http.impl.conn.HttpClientConnectionOperator.connect(HttpClientConnectionOperator.java:117)
	... 54 more
... Removed 24 stack frames]]>
    </failure>
  </testcase> <!-- State -->
  <testcase name="SearchNow" time="10.009" classname="page.test.SearchTest"/>
  <testcase name="ConnectNow" time="0.002" classname="page.test.SearchTest">
    <failure type="org.openqa.selenium.remote.UnreachableBrowserException" message="Error communicating with the remote browser. It may have died.
Build info: version: &amp;apos;unknown&amp;apos;, revision: &amp;apos;31c43c8&amp;apos;, time: &amp;apos;2016-08-02 21:57:56 -0700&amp;apos;
System info: host: &amp;apos;lp7627.people.local&amp;apos;, ip: &amp;apos;10.10.1.151&amp;apos;, os.name: &amp;apos;Mac OS X&amp;apos;, os.arch: &amp;apos;x86_64&amp;apos;, os.version: &amp;apos;10.12.6&amp;apos;, java.version: &amp;apos;1.8.0_77&amp;apos;
Driver info: driver.version: AppiumDriver
Capabilities [{app=/Users/amaanm/Desktop/ShaadiAutomationScript/apk/shaadi.apk, appPackage=com.shaadi.android, deviceScreenSize=540x960, networkConnectionEnabled=true, warnings={}, databaseEnabled=false, deviceName=T00940XXR1, platform=LINUX, deviceUDID=T00940XXR1, appActivity=com.shaadi.android.ui.splash.SplashScreenActivity, desired={app=/Users/amaanm/Desktop/ShaadiAutomationScript/apk/shaadi.apk, appPackage=com.shaadi.android, appActivity=com.shaadi.android.ui.splash.SplashScreenActivity, appium-version=1.8, platformVersion=5.1, platformName=Android, deviceName=T00940XXR1}, appium-version=1.8, platformVersion=5.1, webStorageEnabled=false, locationContextEnabled=false, takesScreenshot=true, javascriptEnabled=true, deviceModel=MotoE2, platformName=Android, deviceManufacturer=motorola}]
Session ID: 72fea7f0-3606-4923-8327-089fb597d7a0">
      <![CDATA[org.openqa.selenium.remote.UnreachableBrowserException: Error communicating with the remote browser. It may have died.
Build info: version: 'unknown', revision: '31c43c8', time: '2016-08-02 21:57:56 -0700'
System info: host: 'lp7627.people.local', ip: '10.10.1.151', os.name: 'Mac OS X', os.arch: 'x86_64', os.version: '10.12.6', java.version: '1.8.0_77'
Driver info: driver.version: AppiumDriver
Capabilities [{app=/Users/amaanm/Desktop/ShaadiAutomationScript/apk/shaadi.apk, appPackage=com.shaadi.android, deviceScreenSize=540x960, networkConnectionEnabled=true, warnings={}, databaseEnabled=false, deviceName=T00940XXR1, platform=LINUX, deviceUDID=T00940XXR1, appActivity=com.shaadi.android.ui.splash.SplashScreenActivity, desired={app=/Users/amaanm/Desktop/ShaadiAutomationScript/apk/shaadi.apk, appPackage=com.shaadi.android, appActivity=com.shaadi.android.ui.splash.SplashScreenActivity, appium-version=1.8, platformVersion=5.1, platformName=Android, deviceName=T00940XXR1}, appium-version=1.8, platformVersion=5.1, webStorageEnabled=false, locationContextEnabled=false, takesScreenshot=true, javascriptEnabled=true, deviceModel=MotoE2, platformName=Android, deviceManufacturer=motorola}]
Session ID: 72fea7f0-3606-4923-8327-089fb597d7a0
	at org.openqa.selenium.remote.RemoteWebDriver.execute(RemoteWebDriver.java:670)
	at io.appium.java_client.DefaultGenericMobileDriver.execute(DefaultGenericMobileDriver.java:42)
	at io.appium.java_client.AppiumDriver.execute(AppiumDriver.java:1)
	at io.appium.java_client.android.AndroidDriver.execute(AndroidDriver.java:1)
	at org.openqa.selenium.remote.RemoteWebDriver.findElements(RemoteWebDriver.java:402)
	at org.openqa.selenium.remote.RemoteWebDriver.findElementsById(RemoteWebDriver.java:434)
	at io.appium.java_client.DefaultGenericMobileDriver.findElementsById(DefaultGenericMobileDriver.java:57)
	at io.appium.java_client.AppiumDriver.findElementsById(AppiumDriver.java:90)
	at org.openqa.selenium.By$ById.findElements(By.java:210)
	at org.openqa.selenium.remote.RemoteWebDriver.findElements(RemoteWebDriver.java:365)
	at io.appium.java_client.DefaultGenericMobileDriver.findElements(DefaultGenericMobileDriver.java:47)
	at io.appium.java_client.AppiumDriver.findElements(AppiumDriver.java:85)
	at org.openqa.selenium.support.pagefactory.DefaultElementLocator.findElements(DefaultElementLocator.java:85)
	at org.openqa.selenium.support.pagefactory.internal.LocatingElementListHandler.invoke(LocatingElementListHandler.java:36)
	at com.sun.proxy.$Proxy14.get(Unknown Source)
	at page.actions.SearchActions.ScrollProfilePage(SearchActions.java:45)
	at page.test.SearchTest.ConnectNow(SearchTest.java:88)
Caused by: org.openqa.selenium.WebDriverException: org.apache.http.conn.HttpHostConnectException: Connect to 192.168.192.214:4723 [/192.168.192.214] failed: Connection refused
Build info: version: 'unknown', revision: '31c43c8', time: '2016-08-02 21:57:56 -0700'
System info: host: 'lp7627.people.local', ip: '10.10.1.151', os.name: 'Mac OS X', os.arch: 'x86_64', os.version: '10.12.6', java.version: '1.8.0_77'
Driver info: driver.version: AppiumDriver
	at io.appium.java_client.remote.AppiumCommandExecutor.execute(AppiumCommandExecutor.java:64)
	at org.openqa.selenium.remote.RemoteWebDriver.execute(RemoteWebDriver.java:649)
	... 40 more
Caused by: org.apache.http.conn.HttpHostConnectException: Connect to 192.168.192.214:4723 [/192.168.192.214] failed: Connection refused
	at org.apache.http.impl.conn.HttpClientConnectionOperator.connect(HttpClientConnectionOperator.java:140)
	at org.apache.http.impl.conn.PoolingHttpClientConnectionManager.connect(PoolingHttpClientConnectionManager.java:314)
	at org.apache.http.impl.execchain.MainClientExec.establishRoute(MainClientExec.java:363)
	at org.apache.http.impl.execchain.MainClientExec.execute(MainClientExec.java:219)
	at org.apache.http.impl.execchain.ProtocolExec.execute(ProtocolExec.java:195)
	at org.apache.http.impl.execchain.RetryExec.execute(RetryExec.java:86)
	at org.apache.http.impl.execchain.RedirectExec.execute(RedirectExec.java:108)
	at org.apache.http.impl.client.InternalHttpClient.doExecute(InternalHttpClient.java:186)
	at org.apache.http.impl.client.CloseableHttpClient.execute(CloseableHttpClient.java:72)
	at org.apache.http.impl.client.CloseableHttpClient.execute(CloseableHttpClient.java:57)
	at org.openqa.selenium.remote.internal.ApacheHttpClient.fallBackExecute(ApacheHttpClient.java:142)
	at org.openqa.selenium.remote.internal.ApacheHttpClient.execute(ApacheHttpClient.java:88)
	at org.openqa.selenium.remote.HttpCommandExecutor.execute(HttpCommandExecutor.java:142)
	at io.appium.java_client.remote.AppiumCommandExecutor.execute(AppiumCommandExecutor.java:52)
	... 41 more
Caused by: java.net.ConnectException: Connection refused
	at java.net.PlainSocketImpl.socketConnect(Native Method)
	at java.net.AbstractPlainSocketImpl.doConnect(AbstractPlainSocketImpl.java:350)
	at java.net.AbstractPlainSocketImpl.connectToAddress(AbstractPlainSocketImpl.java:206)
	at java.net.AbstractPlainSocketImpl.connect(AbstractPlainSocketImpl.java:188)
	at java.net.SocksSocketImpl.connect(SocksSocketImpl.java:392)
	at java.net.Socket.connect(Socket.java:589)
	at org.apache.http.conn.socket.PlainConnectionSocketFactory.connectSocket(PlainConnectionSocketFactory.java:72)
	at org.apache.http.impl.conn.HttpClientConnectionOperator.connect(HttpClientConnectionOperator.java:117)
	... 54 more
... Removed 24 stack frames]]>
    </failure>
  </testcase> <!-- ConnectNow -->
</testsuite> <!-- Test -->
