<?xml version="1.0" encoding="UTF-8"?>
<testng-results skipped="0" failed="2" total="3" passed="1">
  <reporter-output>
  </reporter-output>
  <suite name="Shaadi.com Automation Test Suite" duration-ms="252" started-at="2018-07-12T07:39:47Z" finished-at="2018-07-12T07:39:47Z">
    <groups>
      <group name="">
        <method signature="SignupTest.Signup()[pri:0, instance:page.test.SignupTest@6e6c3152]" name="Signup" class="page.test.SignupTest"/>
      </group> <!--  -->
    </groups>
    <test name="Test" duration-ms="252" started-at="2018-07-12T07:39:47Z" finished-at="2018-07-12T07:39:47Z">
      <class name="page.test.LoginTest">
        <test-method status="PASS" signature="beforeclass()[pri:0, instance:page.test.LoginTest@50b494a6]" name="beforeclass" is-config="true" duration-ms="0" started-at="2018-07-12T13:09:47Z" finished-at="2018-07-12T13:09:47Z">
          <reporter-output>
          </reporter-output>
        </test-method> <!-- beforeclass -->
        <test-method status="FAIL" signature="Login(data.LoginData)[pri:0, instance:page.test.LoginTest@50b494a6]" name="Login" duration-ms="1" started-at="2018-07-12T13:09:47Z" data-provider="getData" finished-at="2018-07-12T13:09:47Z">
          <params>
            <param index="0">
              <value>
                <![CDATA[TestData{testCase='Verify error message on wrong userName', username='pappu', password='test', rememberMe=false}]]>
              </value>
            </param>
          </params>
          <exception class="java.lang.NullPointerException">
            <full-stacktrace>
              <![CDATA[java.lang.NullPointerException
	at page.actions.LoginActions.InputUserNamePassword(LoginActions.java:13)
	at page.test.LoginTest.Login(LoginTest.java:25)
	at sun.reflect.NativeMethodAccessorImpl.invoke0(Native Method)
	at sun.reflect.NativeMethodAccessorImpl.invoke(NativeMethodAccessorImpl.java:62)
	at sun.reflect.DelegatingMethodAccessorImpl.invoke(DelegatingMethodAccessorImpl.java:43)
	at java.lang.reflect.Method.invoke(Method.java:498)
	at org.testng.internal.MethodInvocationHelper.invokeMethod(MethodInvocationHelper.java:85)
	at org.testng.internal.Invoker.invokeMethod(Invoker.java:639)
	at org.testng.internal.Invoker.invokeTestMethod(Invoker.java:816)
	at org.testng.internal.Invoker.invokeTestMethods(Invoker.java:1124)
	at org.testng.internal.TestMethodWorker.invokeTestMethods(TestMethodWorker.java:125)
	at org.testng.internal.TestMethodWorker.run(TestMethodWorker.java:108)
	at org.testng.TestRunner.privateRun(TestRunner.java:774)
	at org.testng.TestRunner.run(TestRunner.java:624)
	at org.testng.SuiteRunner.runTest(SuiteRunner.java:359)
	at org.testng.SuiteRunner.runSequentially(SuiteRunner.java:354)
	at org.testng.SuiteRunner.privateRun(SuiteRunner.java:312)
	at org.testng.SuiteRunner.run(SuiteRunner.java:261)
	at org.testng.SuiteRunnerWorker.runSuite(SuiteRunnerWorker.java:52)
	at org.testng.SuiteRunnerWorker.run(SuiteRunnerWorker.java:86)
	at org.testng.TestNG.runSuitesSequentially(TestNG.java:1215)
	at org.testng.TestNG.runSuitesLocally(TestNG.java:1140)
	at org.testng.TestNG.run(TestNG.java:1048)
	at org.testng.remote.AbstractRemoteTestNG.run(AbstractRemoteTestNG.java:114)
	at org.testng.remote.RemoteTestNG.initAndRun(RemoteTestNG.java:251)
	at org.testng.remote.RemoteTestNG.main(RemoteTestNG.java:77)
]]>
            </full-stacktrace>
          </exception> <!-- java.lang.NullPointerException -->
          <reporter-output>
          </reporter-output>
        </test-method> <!-- Login -->
        <test-method status="PASS" signature="nameBefore(java.lang.reflect.Method)[pri:0, instance:page.test.LoginTest@50b494a6]" name="nameBefore" is-config="true" duration-ms="0" started-at="2018-07-12T13:09:47Z" finished-at="2018-07-12T13:09:47Z">
          <params>
            <param index="0">
              <value>
                <![CDATA[public void page.test.LoginTest.Login(data.LoginData) throws java.lang.Exception]]>
              </value>
            </param>
          </params>
          <reporter-output>
          </reporter-output>
        </test-method> <!-- nameBefore -->
        <test-method status="PASS" signature="afterMethod(java.lang.reflect.Method)[pri:0, instance:page.test.LoginTest@50b494a6]" name="afterMethod" is-config="true" duration-ms="26" started-at="2018-07-12T13:09:47Z" finished-at="2018-07-12T13:09:47Z">
          <params>
            <param index="0">
              <value>
                <![CDATA[public void page.test.LoginTest.Login(data.LoginData) throws java.lang.Exception]]>
              </value>
            </param>
          </params>
          <reporter-output>
          </reporter-output>
        </test-method> <!-- afterMethod -->
        <test-method status="PASS" signature="nameBefore(java.lang.reflect.Method)[pri:0, instance:page.test.LoginTest@50b494a6]" name="nameBefore" is-config="true" duration-ms="1" started-at="2018-07-12T13:09:47Z" finished-at="2018-07-12T13:09:47Z">
          <params>
            <param index="0">
              <value>
                <![CDATA[public void page.test.LoginTest.Login(data.LoginData) throws java.lang.Exception]]>
              </value>
            </param>
          </params>
          <reporter-output>
          </reporter-output>
        </test-method> <!-- nameBefore -->
        <test-method status="FAIL" signature="Login(data.LoginData)[pri:0, instance:page.test.LoginTest@50b494a6]" name="Login" duration-ms="2" started-at="2018-07-12T13:09:47Z" data-provider="getData" finished-at="2018-07-12T13:09:47Z">
          <params>
            <param index="0">
              <value>
                <![CDATA[TestData{testCase='Verify error message on empty userName', username='pkf@rishik.in', password='test', rememberMe=false}]]>
              </value>
            </param>
          </params>
          <exception class="java.lang.NullPointerException">
            <full-stacktrace>
              <![CDATA[java.lang.NullPointerException
	at page.actions.LoginActions.InputUserNamePassword(LoginActions.java:13)
	at page.test.LoginTest.Login(LoginTest.java:25)
	at sun.reflect.NativeMethodAccessorImpl.invoke0(Native Method)
	at sun.reflect.NativeMethodAccessorImpl.invoke(NativeMethodAccessorImpl.java:62)
	at sun.reflect.DelegatingMethodAccessorImpl.invoke(DelegatingMethodAccessorImpl.java:43)
	at java.lang.reflect.Method.invoke(Method.java:498)
	at org.testng.internal.MethodInvocationHelper.invokeMethod(MethodInvocationHelper.java:85)
	at org.testng.internal.Invoker.invokeMethod(Invoker.java:639)
	at org.testng.internal.Invoker.invokeTestMethod(Invoker.java:816)
	at org.testng.internal.Invoker.invokeTestMethods(Invoker.java:1124)
	at org.testng.internal.TestMethodWorker.invokeTestMethods(TestMethodWorker.java:125)
	at org.testng.internal.TestMethodWorker.run(TestMethodWorker.java:108)
	at org.testng.TestRunner.privateRun(TestRunner.java:774)
	at org.testng.TestRunner.run(TestRunner.java:624)
	at org.testng.SuiteRunner.runTest(SuiteRunner.java:359)
	at org.testng.SuiteRunner.runSequentially(SuiteRunner.java:354)
	at org.testng.SuiteRunner.privateRun(SuiteRunner.java:312)
	at org.testng.SuiteRunner.run(SuiteRunner.java:261)
	at org.testng.SuiteRunnerWorker.runSuite(SuiteRunnerWorker.java:52)
	at org.testng.SuiteRunnerWorker.run(SuiteRunnerWorker.java:86)
	at org.testng.TestNG.runSuitesSequentially(TestNG.java:1215)
	at org.testng.TestNG.runSuitesLocally(TestNG.java:1140)
	at org.testng.TestNG.run(TestNG.java:1048)
	at org.testng.remote.AbstractRemoteTestNG.run(AbstractRemoteTestNG.java:114)
	at org.testng.remote.RemoteTestNG.initAndRun(RemoteTestNG.java:251)
	at org.testng.remote.RemoteTestNG.main(RemoteTestNG.java:77)
]]>
            </full-stacktrace>
          </exception> <!-- java.lang.NullPointerException -->
          <reporter-output>
          </reporter-output>
        </test-method> <!-- Login -->
        <test-method status="PASS" signature="afterMethod(java.lang.reflect.Method)[pri:0, instance:page.test.LoginTest@50b494a6]" name="afterMethod" is-config="true" duration-ms="29" started-at="2018-07-12T13:09:47Z" finished-at="2018-07-12T13:09:47Z">
          <params>
            <param index="0">
              <value>
                <![CDATA[public void page.test.LoginTest.Login(data.LoginData) throws java.lang.Exception]]>
              </value>
            </param>
          </params>
          <reporter-output>
          </reporter-output>
        </test-method> <!-- afterMethod -->
      </class> <!-- page.test.LoginTest -->
      <class name="page.test.SignupTest">
        <test-method status="PASS" signature="setup(java.lang.String, java.lang.String, java.lang.String, java.lang.String, java.lang.String, java.lang.String, java.lang.String, java.lang.String, java.lang.String, java.lang.String, java.lang.String, java.lang.String, java.lang.String, java.lang.String, java.lang.String, java.lang.String, java.lang.String, java.lang.String, java.lang.String, java.lang.String, java.lang.String, java.lang.String)[pri:0, instance:page.test.SignupTest@6e6c3152]" name="setup" is-config="true" duration-ms="32436" started-at="2018-07-12T13:09:15Z" finished-at="2018-07-12T13:09:47Z">
          <params>
            <param index="0">
              <value>
                <![CDATA[UX Production Server v1.1.8]]>
              </value>
            </param>
            <param index="1">
              <value>
                <![CDATA[androidLocal]]>
              </value>
            </param>
            <param index="2">
              <value>
                <![CDATA[./Report/]]>
              </value>
            </param>
            <param index="3">
              <value>
                <![CDATA[./ScreenShot/]]>
              </value>
            </param>
            <param index="4">
              <value>
                <![CDATA[/Users/amaanm/Desktop/ShaadiAutomationScript/apk/shaadi.apk]]>
              </value>
            </param>
            <param index="5">
              <value>
                <![CDATA[com.shaadi.android]]>
              </value>
            </param>
            <param index="6">
              <value>
                <![CDATA[Browser]]>
              </value>
            </param>
            <param index="7">
              <value>
                <![CDATA[http://192.168.192.214:4723/wd/hub]]>
              </value>
            </param>
            <param index="8">
              <value>
                <![CDATA[T00940XXR1]]>
              </value>
            </param>
            <param index="9">
              <value>
                <![CDATA[5.1]]>
              </value>
            </param>
            <param index="10">
              <value>
                <![CDATA[Android]]>
              </value>
            </param>
            <param index="11">
              <value>
                <![CDATA[1.8]]>
              </value>
            </param>
            <param index="12">
              <value>
                <![CDATA[]]>
              </value>
            </param>
            <param index="13">
              <value>
                <![CDATA[]]>
              </value>
            </param>
            <param index="14">
              <value>
                <![CDATA[]]>
              </value>
            </param>
            <param index="15">
              <value>
                <![CDATA[]]>
              </value>
            </param>
            <param index="16">
              <value>
                <![CDATA[]]>
              </value>
            </param>
            <param index="17">
              <value>
                <![CDATA[]]>
              </value>
            </param>
            <param index="18">
              <value>
                <![CDATA[]]>
              </value>
            </param>
            <param index="19">
              <value>
                <![CDATA[]]>
              </value>
            </param>
            <param index="20">
              <value>
                <![CDATA[]]>
              </value>
            </param>
            <param index="21">
              <value>
                <![CDATA[com.shaadi.android.ui.splash.SplashScreenActivity]]>
              </value>
            </param>
          </params>
          <reporter-output>
          </reporter-output>
        </test-method> <!-- setup -->
        <test-method status="PASS" signature="beforeclass()[pri:0, instance:page.test.SignupTest@6e6c3152]" name="beforeclass" is-config="true" duration-ms="10" started-at="2018-07-12T13:09:47Z" finished-at="2018-07-12T13:09:47Z">
          <reporter-output>
          </reporter-output>
        </test-method> <!-- beforeclass -->
        <test-method status="PASS" signature="nameBefore(java.lang.reflect.Method)[pri:0, instance:page.test.SignupTest@6e6c3152]" name="nameBefore" is-config="true" duration-ms="3" started-at="2018-07-12T13:09:47Z" finished-at="2018-07-12T13:09:47Z">
          <params>
            <param index="0">
              <value>
                <![CDATA[public void page.test.SignupTest.Signup() throws java.lang.Exception]]>
              </value>
            </param>
          </params>
          <reporter-output>
          </reporter-output>
        </test-method> <!-- nameBefore -->
        <test-method status="PASS" signature="Signup()[pri:0, instance:page.test.SignupTest@6e6c3152]" name="Signup" duration-ms="4" started-at="2018-07-12T13:09:47Z" finished-at="2018-07-12T13:09:47Z">
          <reporter-output>
          </reporter-output>
        </test-method> <!-- Signup -->
        <test-method status="PASS" signature="afterMethod(java.lang.reflect.Method)[pri:0, instance:page.test.SignupTest@6e6c3152]" name="afterMethod" is-config="true" duration-ms="157" started-at="2018-07-12T13:09:47Z" finished-at="2018-07-12T13:09:47Z">
          <params>
            <param index="0">
              <value>
                <![CDATA[public void page.test.SignupTest.Signup() throws java.lang.Exception]]>
              </value>
            </param>
          </params>
          <reporter-output>
          </reporter-output>
        </test-method> <!-- afterMethod -->
        <test-method status="PASS" signature="tearDown()[pri:0, instance:page.test.SignupTest@6e6c3152]" name="tearDown" is-config="true" duration-ms="0" started-at="2018-07-12T13:09:47Z" finished-at="2018-07-12T13:09:47Z">
          <reporter-output>
          </reporter-output>
        </test-method> <!-- tearDown -->
      </class> <!-- page.test.SignupTest -->
    </test> <!-- Test -->
  </suite> <!-- Shaadi.com Automation Test Suite -->
</testng-results>
